{"timestamp":"2026-06-19T15:16:42.750395Z","level":"info","event":"::group::Pre Execute","logger":"task","filename":"task_runner.py","lineno":1926}
{"timestamp":"2026-06-19T15:16:43.435369Z","level":"info","event":"DAG bundles loaded: dags-folder, example_dags","run_id":"manual__2026-06-19T15:15:41.059661+00:00","dag_id":"dwh_etl_pipeline","try_number":1,"map_index":-1,"task_id":"gold_load","ti_id":"019ee074-5b63-7391-af8b-a959c93ac1b7","logger":"airflow.dag_processing.bundles.manager.DagBundlesManager","filename":"manager.py","lineno":209}
{"timestamp":"2026-06-19T15:16:43.456151Z","level":"info","event":"Filling up the DagBag from /opt/airflow/dags/etl_bronze.py","run_id":"manual__2026-06-19T15:15:41.059661+00:00","dag_id":"dwh_etl_pipeline","try_number":1,"map_index":-1,"task_id":"gold_load","ti_id":"019ee074-5b63-7391-af8b-a959c93ac1b7","logger":"airflow.dag_processing.dagbag.BundleDagBag","filename":"dagbag.py","lineno":469}
{"timestamp":"2026-06-19T15:16:43.564173Z","level":"warning","event":"The `airflow.operators.python.PythonOperator` attribute is deprecated. Please use `'airflow.providers.standard.operators.python.PythonOperator'`.","category":"UserWarning","filename":"/opt/airflow/dags/etl_bronze.py","lineno":2,"run_id":"manual__2026-06-19T15:15:41.059661+00:00","dag_id":"dwh_etl_pipeline","try_number":1,"map_index":-1,"task_id":"gold_load","ti_id":"019ee074-5b63-7391-af8b-a959c93ac1b7","logger":"py.warnings"}
{"timestamp":"2026-06-19T15:16:43.615794Z","level":"info","event":"Task instance is in running state","logger":"task.stdout"}
{"timestamp":"2026-06-19T15:16:43.616622Z","level":"info","event":" Previous state of the Task instance: TaskInstanceState.QUEUED","logger":"task.stdout"}
{"timestamp":"2026-06-19T15:16:43.617088Z","level":"info","event":"Current task name:gold_load","logger":"task.stdout"}
{"timestamp":"2026-06-19T15:16:43.617574Z","level":"info","event":"Dag name:dwh_etl_pipeline","logger":"task.stdout"}
{"timestamp":"2026-06-19T15:16:43.616551Z","level":"info","event":"::endgroup::","run_id":"manual__2026-06-19T15:15:41.059661+00:00","dag_id":"dwh_etl_pipeline","try_number":1,"map_index":-1,"task_id":"gold_load","ti_id":"019ee074-5b63-7391-af8b-a959c93ac1b7","logger":"task","filename":"task_runner.py","lineno":1727}
{"timestamp":"2026-06-19T15:16:44.351181Z","level":"warning","event":"pandas only supports SQLAlchemy connectable (engine/connection) or database string URI or sqlite3 DBAPI2 connection. Other DBAPI2 objects are not tested. Please consider using SQLAlchemy.","category":"UserWarning","filename":"/opt/airflow/ETL/Gold.py","lineno":13,"run_id":"manual__2026-06-19T15:15:41.059661+00:00","dag_id":"dwh_etl_pipeline","try_number":1,"map_index":-1,"task_id":"gold_load","ti_id":"019ee074-5b63-7391-af8b-a959c93ac1b7","logger":"py.warnings"}
{"timestamp":"2026-06-19T15:16:45.310200Z","level":"warning","event":"pandas only supports SQLAlchemy connectable (engine/connection) or database string URI or sqlite3 DBAPI2 connection. Other DBAPI2 objects are not tested. Please consider using SQLAlchemy.","category":"UserWarning","filename":"/opt/airflow/ETL/Gold.py","lineno":23,"run_id":"manual__2026-06-19T15:15:41.059661+00:00","dag_id":"dwh_etl_pipeline","try_number":1,"map_index":-1,"task_id":"gold_load","ti_id":"019ee074-5b63-7391-af8b-a959c93ac1b7","logger":"py.warnings"}
{"timestamp":"2026-06-19T15:16:45.468878Z","level":"warning","event":"pandas only supports SQLAlchemy connectable (engine/connection) or database string URI or sqlite3 DBAPI2 connection. Other DBAPI2 objects are not tested. Please consider using SQLAlchemy.","category":"UserWarning","filename":"/opt/airflow/ETL/Gold.py","lineno":32,"run_id":"manual__2026-06-19T15:15:41.059661+00:00","dag_id":"dwh_etl_pipeline","try_number":1,"map_index":-1,"task_id":"gold_load","ti_id":"019ee074-5b63-7391-af8b-a959c93ac1b7","logger":"py.warnings"}
{"timestamp":"2026-06-19T15:16:46.060604Z","level":"warning","event":"pandas only supports SQLAlchemy connectable (engine/connection) or database string URI or sqlite3 DBAPI2 connection. Other DBAPI2 objects are not tested. Please consider using SQLAlchemy.","category":"UserWarning","filename":"/opt/airflow/ETL/Gold.py","lineno":42,"run_id":"manual__2026-06-19T15:15:41.059661+00:00","dag_id":"dwh_etl_pipeline","try_number":1,"map_index":-1,"task_id":"gold_load","ti_id":"019ee074-5b63-7391-af8b-a959c93ac1b7","logger":"py.warnings"}
{"timestamp":"2026-06-19T15:16:46.661529Z","level":"warning","event":"pandas only supports SQLAlchemy connectable (engine/connection) or database string URI or sqlite3 DBAPI2 connection. Other DBAPI2 objects are not tested. Please consider using SQLAlchemy.","category":"UserWarning","filename":"/opt/airflow/ETL/Gold.py","lineno":51,"run_id":"manual__2026-06-19T15:15:41.059661+00:00","dag_id":"dwh_etl_pipeline","try_number":1,"map_index":-1,"task_id":"gold_load","ti_id":"019ee074-5b63-7391-af8b-a959c93ac1b7","logger":"py.warnings"}
{"timestamp":"2026-06-19T15:16:50.387235Z","level":"info","event":"LOADED dim_customer: 2000 rows","logger":"task.stdout"}
{"timestamp":"2026-06-19T15:16:50.654316Z","level":"info","event":"LOADED dim_product: 300 rows","logger":"task.stdout"}
{"timestamp":"2026-06-19T15:16:51.034892Z","level":"info","event":"LOADED dim_lead: 3000 rows","logger":"task.stdout"}
{"timestamp":"2026-06-19T15:16:51.314942Z","level":"info","event":"LOADED dim_date: 366 rows","logger":"task.stdout"}
{"timestamp":"2026-06-19T15:16:51.979244Z","level":"info","event":"LOADED fact_sales: 15105 rows","logger":"task.stdout"}
{"timestamp":"2026-06-19T15:16:52.075554Z","level":"info","event":"GOLD LAYER COMPLETED","logger":"task.stdout"}
{"timestamp":"2026-06-19T15:16:52.077088Z","level":"info","event":"Done. Returned value was: None","run_id":"manual__2026-06-19T15:15:41.059661+00:00","dag_id":"dwh_etl_pipeline","try_number":1,"map_index":-1,"task_id":"gold_load","ti_id":"019ee074-5b63-7391-af8b-a959c93ac1b7","logger":"airflow.task.operators.airflow.providers.standard.operators.python.PythonOperator","filename":"python.py","lineno":233}
{"timestamp":"2026-06-19T15:16:52.077443Z","level":"info","event":"::group::Post Execute","run_id":"manual__2026-06-19T15:15:41.059661+00:00","dag_id":"dwh_etl_pipeline","try_number":1,"map_index":-1,"task_id":"gold_load","ti_id":"019ee074-5b63-7391-af8b-a959c93ac1b7","logger":"task","filename":"task_runner.py","lineno":1288}
{"timestamp":"2026-06-19T15:16:52.120071Z","level":"info","event":"Task instance in success state","logger":"task.stdout"}
{"timestamp":"2026-06-19T15:16:52.120965Z","level":"info","event":" Previous state of the Task instance: TaskInstanceState.RUNNING","logger":"task.stdout"}
{"timestamp":"2026-06-19T15:16:52.121955Z","level":"info","event":"Task operator:<Task(PythonOperator): gold_load>","logger":"task.stdout"}
{"timestamp":"2026-06-19T15:16:52.120644Z","level":"info","event":"::endgroup::","run_id":"manual__2026-06-19T15:15:41.059661+00:00","dag_id":"dwh_etl_pipeline","try_number":1,"map_index":-1,"task_id":"gold_load","ti_id":"019ee074-5b63-7391-af8b-a959c93ac1b7","logger":"task","filename":"task_runner.py","lineno":1896}
