{"timestamp":"2026-06-19T14:38:34.946164Z","level":"info","event":"::group::Pre Execute","logger":"task","filename":"task_runner.py","lineno":1926}
{"timestamp":"2026-06-19T14:38:39.801805Z","level":"info","event":"DAG bundles loaded: dags-folder, example_dags","try_number":1,"task_id":"bronze_load","run_id":"manual__2026-06-19T14:38:33.933629+00:00","map_index":-1,"dag_id":"dwh_etl_pipeline","ti_id":"019ee051-bdef-7d4a-81d8-20bf34915abe","logger":"airflow.dag_processing.bundles.manager.DagBundlesManager","filename":"manager.py","lineno":209}
{"timestamp":"2026-06-19T14:38:39.804590Z","level":"info","event":"Filling up the DagBag from /opt/airflow/dags/etl_bronze.py","try_number":1,"task_id":"bronze_load","run_id":"manual__2026-06-19T14:38:33.933629+00:00","map_index":-1,"dag_id":"dwh_etl_pipeline","ti_id":"019ee051-bdef-7d4a-81d8-20bf34915abe","logger":"airflow.dag_processing.dagbag.BundleDagBag","filename":"dagbag.py","lineno":469}
{"timestamp":"2026-06-19T14:38:39.849918Z","level":"warning","event":"The `airflow.operators.python.PythonOperator` attribute is deprecated. Please use `'airflow.providers.standard.operators.python.PythonOperator'`.","category":"UserWarning","filename":"/opt/airflow/dags/etl_bronze.py","lineno":2,"try_number":1,"task_id":"bronze_load","run_id":"manual__2026-06-19T14:38:33.933629+00:00","map_index":-1,"dag_id":"dwh_etl_pipeline","ti_id":"019ee051-bdef-7d4a-81d8-20bf34915abe","logger":"py.warnings"}
{"timestamp":"2026-06-19T14:38:39.896365Z","level":"info","event":"Task instance is in running state","logger":"task.stdout"}
{"timestamp":"2026-06-19T14:38:39.896884Z","level":"info","event":" Previous state of the Task instance: TaskInstanceState.QUEUED","logger":"task.stdout"}
{"timestamp":"2026-06-19T14:38:39.897177Z","level":"info","event":"Current task name:bronze_load","logger":"task.stdout"}
{"timestamp":"2026-06-19T14:38:39.897466Z","level":"info","event":"Dag name:dwh_etl_pipeline","logger":"task.stdout"}
{"timestamp":"2026-06-19T14:38:39.896917Z","level":"info","event":"::endgroup::","try_number":1,"task_id":"bronze_load","run_id":"manual__2026-06-19T14:38:33.933629+00:00","map_index":-1,"dag_id":"dwh_etl_pipeline","ti_id":"019ee051-bdef-7d4a-81d8-20bf34915abe","logger":"task","filename":"task_runner.py","lineno":1727}
{"timestamp":"2026-06-19T14:38:42.386977Z","level":"warning","event":"pandas only supports SQLAlchemy connectable (engine/connection) or database string URI or sqlite3 DBAPI2 connection. Other DBAPI2 objects are not tested. Please consider using SQLAlchemy.","category":"UserWarning","filename":"/opt/airflow/ETL/Bronze.py","lineno":39,"try_number":1,"task_id":"bronze_load","run_id":"manual__2026-06-19T14:38:33.933629+00:00","map_index":-1,"dag_id":"dwh_etl_pipeline","ti_id":"019ee051-bdef-7d4a-81d8-20bf34915abe","logger":"py.warnings"}
{"timestamp":"2026-06-19T14:38:43.218194Z","level":"warning","event":"pandas only supports SQLAlchemy connectable (engine/connection) or database string URI or sqlite3 DBAPI2 connection. Other DBAPI2 objects are not tested. Please consider using SQLAlchemy.","category":"UserWarning","filename":"/opt/airflow/ETL/Bronze.py","lineno":40,"try_number":1,"task_id":"bronze_load","run_id":"manual__2026-06-19T14:38:33.933629+00:00","map_index":-1,"dag_id":"dwh_etl_pipeline","ti_id":"019ee051-bdef-7d4a-81d8-20bf34915abe","logger":"py.warnings"}
{"timestamp":"2026-06-19T14:38:43.312551Z","level":"warning","event":"pandas only supports SQLAlchemy connectable (engine/connection) or database string URI or sqlite3 DBAPI2 connection. Other DBAPI2 objects are not tested. Please consider using SQLAlchemy.","category":"UserWarning","filename":"/opt/airflow/ETL/Bronze.py","lineno":41,"try_number":1,"task_id":"bronze_load","run_id":"manual__2026-06-19T14:38:33.933629+00:00","map_index":-1,"dag_id":"dwh_etl_pipeline","ti_id":"019ee051-bdef-7d4a-81d8-20bf34915abe","logger":"py.warnings"}
{"timestamp":"2026-06-19T14:38:44.755174Z","level":"warning","event":"pandas only supports SQLAlchemy connectable (engine/connection) or database string URI or sqlite3 DBAPI2 connection. Other DBAPI2 objects are not tested. Please consider using SQLAlchemy.","category":"UserWarning","filename":"/opt/airflow/ETL/Bronze.py","lineno":43,"try_number":1,"task_id":"bronze_load","run_id":"manual__2026-06-19T14:38:33.933629+00:00","map_index":-1,"dag_id":"dwh_etl_pipeline","ti_id":"019ee051-bdef-7d4a-81d8-20bf34915abe","logger":"py.warnings"}
{"timestamp":"2026-06-19T14:38:45.378467Z","level":"warning","event":"pandas only supports SQLAlchemy connectable (engine/connection) or database string URI or sqlite3 DBAPI2 connection. Other DBAPI2 objects are not tested. Please consider using SQLAlchemy.","category":"UserWarning","filename":"/opt/airflow/ETL/Bronze.py","lineno":44,"try_number":1,"task_id":"bronze_load","run_id":"manual__2026-06-19T14:38:33.933629+00:00","map_index":-1,"dag_id":"dwh_etl_pipeline","ti_id":"019ee051-bdef-7d4a-81d8-20bf34915abe","logger":"py.warnings"}
{"timestamp":"2026-06-19T14:38:46.411018Z","level":"info","event":"erp_orders: LOADED 5000 rows","logger":"task.stdout"}
{"timestamp":"2026-06-19T14:38:46.590727Z","level":"info","event":"erp_products: LOADED 300 rows","logger":"task.stdout"}
{"timestamp":"2026-06-19T14:38:46.927828Z","level":"info","event":"erp_order_items: LOADED 15105 rows","logger":"task.stdout"}
{"timestamp":"2026-06-19T14:38:47.140765Z","level":"info","event":"crm_customers: LOADED 2000 rows","logger":"task.stdout"}
{"timestamp":"2026-06-19T14:38:47.348688Z","level":"info","event":"crm_leads: LOADED 3000 rows","logger":"task.stdout"}
{"timestamp":"2026-06-19T14:38:47.440773Z","level":"info","event":"BRONZE LOAD COMPLETED (FAST COPY MODE)","logger":"task.stdout"}
{"timestamp":"2026-06-19T14:38:47.441502Z","level":"info","event":"Done. Returned value was: None","try_number":1,"task_id":"bronze_load","run_id":"manual__2026-06-19T14:38:33.933629+00:00","map_index":-1,"dag_id":"dwh_etl_pipeline","ti_id":"019ee051-bdef-7d4a-81d8-20bf34915abe","logger":"airflow.task.operators.airflow.providers.standard.operators.python.PythonOperator","filename":"python.py","lineno":233}
{"timestamp":"2026-06-19T14:38:47.441689Z","level":"info","event":"::group::Post Execute","try_number":1,"task_id":"bronze_load","run_id":"manual__2026-06-19T14:38:33.933629+00:00","map_index":-1,"dag_id":"dwh_etl_pipeline","ti_id":"019ee051-bdef-7d4a-81d8-20bf34915abe","logger":"task","filename":"task_runner.py","lineno":1288}
{"timestamp":"2026-06-19T14:38:47.471313Z","level":"info","event":"Task instance in success state","logger":"task.stdout"}
{"timestamp":"2026-06-19T14:38:47.471695Z","level":"info","event":" Previous state of the Task instance: TaskInstanceState.RUNNING","logger":"task.stdout"}
{"timestamp":"2026-06-19T14:38:47.472037Z","level":"info","event":"Task operator:<Task(PythonOperator): bronze_load>","logger":"task.stdout"}
{"timestamp":"2026-06-19T14:38:47.471628Z","level":"info","event":"::endgroup::","try_number":1,"task_id":"bronze_load","run_id":"manual__2026-06-19T14:38:33.933629+00:00","map_index":-1,"dag_id":"dwh_etl_pipeline","ti_id":"019ee051-bdef-7d4a-81d8-20bf34915abe","logger":"task","filename":"task_runner.py","lineno":1896}
