{"timestamp":"2026-06-19T15:06:33.940974Z","level":"info","event":"::group::Pre Execute","logger":"task","filename":"task_runner.py","lineno":1926}
{"timestamp":"2026-06-19T15:06:36.441797Z","level":"info","event":"DAG bundles loaded: dags-folder, example_dags","task_id":"bronze_load","try_number":1,"ti_id":"019ee06b-55cb-7aa7-a5fa-08af7684654b","map_index":-1,"run_id":"manual__2026-06-19T15:06:31.105985+00:00","dag_id":"dwh_etl_pipeline","logger":"airflow.dag_processing.bundles.manager.DagBundlesManager","filename":"manager.py","lineno":209}
{"timestamp":"2026-06-19T15:06:36.448575Z","level":"info","event":"Filling up the DagBag from /opt/airflow/dags/etl_bronze.py","task_id":"bronze_load","try_number":1,"ti_id":"019ee06b-55cb-7aa7-a5fa-08af7684654b","map_index":-1,"run_id":"manual__2026-06-19T15:06:31.105985+00:00","dag_id":"dwh_etl_pipeline","logger":"airflow.dag_processing.dagbag.BundleDagBag","filename":"dagbag.py","lineno":469}
{"timestamp":"2026-06-19T15:06:36.529217Z","level":"warning","event":"The `airflow.operators.python.PythonOperator` attribute is deprecated. Please use `'airflow.providers.standard.operators.python.PythonOperator'`.","category":"UserWarning","filename":"/opt/airflow/dags/etl_bronze.py","lineno":2,"task_id":"bronze_load","try_number":1,"ti_id":"019ee06b-55cb-7aa7-a5fa-08af7684654b","map_index":-1,"run_id":"manual__2026-06-19T15:06:31.105985+00:00","dag_id":"dwh_etl_pipeline","logger":"py.warnings"}
{"timestamp":"2026-06-19T15:06:36.598947Z","level":"info","event":"Task instance is in running state","logger":"task.stdout"}
{"timestamp":"2026-06-19T15:06:36.599406Z","level":"info","event":" Previous state of the Task instance: TaskInstanceState.QUEUED","logger":"task.stdout"}
{"timestamp":"2026-06-19T15:06:36.599686Z","level":"info","event":"Current task name:bronze_load","logger":"task.stdout"}
{"timestamp":"2026-06-19T15:06:36.599901Z","level":"info","event":"Dag name:dwh_etl_pipeline","logger":"task.stdout"}
{"timestamp":"2026-06-19T15:06:36.599302Z","level":"info","event":"::endgroup::","task_id":"bronze_load","try_number":1,"ti_id":"019ee06b-55cb-7aa7-a5fa-08af7684654b","map_index":-1,"run_id":"manual__2026-06-19T15:06:31.105985+00:00","dag_id":"dwh_etl_pipeline","logger":"task","filename":"task_runner.py","lineno":1727}
{"timestamp":"2026-06-19T15:06:39.021253Z","level":"warning","event":"pandas only supports SQLAlchemy connectable (engine/connection) or database string URI or sqlite3 DBAPI2 connection. Other DBAPI2 objects are not tested. Please consider using SQLAlchemy.","category":"UserWarning","filename":"/opt/airflow/ETL/Bronze.py","lineno":39,"task_id":"bronze_load","try_number":1,"ti_id":"019ee06b-55cb-7aa7-a5fa-08af7684654b","map_index":-1,"run_id":"manual__2026-06-19T15:06:31.105985+00:00","dag_id":"dwh_etl_pipeline","logger":"py.warnings"}
{"timestamp":"2026-06-19T15:06:39.751645Z","level":"warning","event":"pandas only supports SQLAlchemy connectable (engine/connection) or database string URI or sqlite3 DBAPI2 connection. Other DBAPI2 objects are not tested. Please consider using SQLAlchemy.","category":"UserWarning","filename":"/opt/airflow/ETL/Bronze.py","lineno":40,"task_id":"bronze_load","try_number":1,"ti_id":"019ee06b-55cb-7aa7-a5fa-08af7684654b","map_index":-1,"run_id":"manual__2026-06-19T15:06:31.105985+00:00","dag_id":"dwh_etl_pipeline","logger":"py.warnings"}
{"timestamp":"2026-06-19T15:06:39.880797Z","level":"warning","event":"pandas only supports SQLAlchemy connectable (engine/connection) or database string URI or sqlite3 DBAPI2 connection. Other DBAPI2 objects are not tested. Please consider using SQLAlchemy.","category":"UserWarning","filename":"/opt/airflow/ETL/Bronze.py","lineno":41,"task_id":"bronze_load","try_number":1,"ti_id":"019ee06b-55cb-7aa7-a5fa-08af7684654b","map_index":-1,"run_id":"manual__2026-06-19T15:06:31.105985+00:00","dag_id":"dwh_etl_pipeline","logger":"py.warnings"}
{"timestamp":"2026-06-19T15:06:41.059295Z","level":"warning","event":"pandas only supports SQLAlchemy connectable (engine/connection) or database string URI or sqlite3 DBAPI2 connection. Other DBAPI2 objects are not tested. Please consider using SQLAlchemy.","category":"UserWarning","filename":"/opt/airflow/ETL/Bronze.py","lineno":43,"task_id":"bronze_load","try_number":1,"ti_id":"019ee06b-55cb-7aa7-a5fa-08af7684654b","map_index":-1,"run_id":"manual__2026-06-19T15:06:31.105985+00:00","dag_id":"dwh_etl_pipeline","logger":"py.warnings"}
{"timestamp":"2026-06-19T15:06:41.695261Z","level":"warning","event":"pandas only supports SQLAlchemy connectable (engine/connection) or database string URI or sqlite3 DBAPI2 connection. Other DBAPI2 objects are not tested. Please consider using SQLAlchemy.","category":"UserWarning","filename":"/opt/airflow/ETL/Bronze.py","lineno":44,"task_id":"bronze_load","try_number":1,"ti_id":"019ee06b-55cb-7aa7-a5fa-08af7684654b","map_index":-1,"run_id":"manual__2026-06-19T15:06:31.105985+00:00","dag_id":"dwh_etl_pipeline","logger":"py.warnings"}
{"timestamp":"2026-06-19T15:06:43.156787Z","level":"info","event":"erp_orders: LOADED 5000 rows","logger":"task.stdout"}
{"timestamp":"2026-06-19T15:06:43.336759Z","level":"info","event":"erp_products: LOADED 300 rows","logger":"task.stdout"}
{"timestamp":"2026-06-19T15:06:43.665640Z","level":"info","event":"erp_order_items: LOADED 15105 rows","logger":"task.stdout"}
{"timestamp":"2026-06-19T15:06:43.865172Z","level":"info","event":"crm_customers: LOADED 2000 rows","logger":"task.stdout"}
{"timestamp":"2026-06-19T15:06:44.070860Z","level":"info","event":"crm_leads: LOADED 3000 rows","logger":"task.stdout"}
{"timestamp":"2026-06-19T15:06:44.161591Z","level":"info","event":"BRONZE LOAD COMPLETED (FAST COPY MODE)","logger":"task.stdout"}
{"timestamp":"2026-06-19T15:06:44.163475Z","level":"info","event":"Done. Returned value was: None","task_id":"bronze_load","try_number":1,"ti_id":"019ee06b-55cb-7aa7-a5fa-08af7684654b","map_index":-1,"run_id":"manual__2026-06-19T15:06:31.105985+00:00","dag_id":"dwh_etl_pipeline","logger":"airflow.task.operators.airflow.providers.standard.operators.python.PythonOperator","filename":"python.py","lineno":233}
{"timestamp":"2026-06-19T15:06:44.163908Z","level":"info","event":"::group::Post Execute","task_id":"bronze_load","try_number":1,"ti_id":"019ee06b-55cb-7aa7-a5fa-08af7684654b","map_index":-1,"run_id":"manual__2026-06-19T15:06:31.105985+00:00","dag_id":"dwh_etl_pipeline","logger":"task","filename":"task_runner.py","lineno":1288}
{"timestamp":"2026-06-19T15:06:44.231125Z","level":"info","event":"Task instance in success state","logger":"task.stdout"}
{"timestamp":"2026-06-19T15:06:44.231583Z","level":"info","event":" Previous state of the Task instance: TaskInstanceState.RUNNING","logger":"task.stdout"}
{"timestamp":"2026-06-19T15:06:44.232052Z","level":"info","event":"Task operator:<Task(PythonOperator): bronze_load>","logger":"task.stdout"}
{"timestamp":"2026-06-19T15:06:44.231674Z","level":"info","event":"::endgroup::","task_id":"bronze_load","try_number":1,"ti_id":"019ee06b-55cb-7aa7-a5fa-08af7684654b","map_index":-1,"run_id":"manual__2026-06-19T15:06:31.105985+00:00","dag_id":"dwh_etl_pipeline","logger":"task","filename":"task_runner.py","lineno":1896}
