{"timestamp":"2026-06-19T15:16:23.618802Z","level":"info","event":"::group::Pre Execute","logger":"task","filename":"task_runner.py","lineno":1926}
{"timestamp":"2026-06-19T15:16:24.167683Z","level":"info","event":"DAG bundles loaded: dags-folder, example_dags","dag_id":"dwh_etl_pipeline","task_id":"bronze_load","run_id":"manual__2026-06-19T15:15:41.059661+00:00","ti_id":"019ee074-5b56-7a0f-b3cf-537213973635","map_index":-1,"try_number":3,"logger":"airflow.dag_processing.bundles.manager.DagBundlesManager","filename":"manager.py","lineno":209}
{"timestamp":"2026-06-19T15:16:24.170972Z","level":"info","event":"Filling up the DagBag from /opt/airflow/dags/etl_bronze.py","dag_id":"dwh_etl_pipeline","task_id":"bronze_load","run_id":"manual__2026-06-19T15:15:41.059661+00:00","ti_id":"019ee074-5b56-7a0f-b3cf-537213973635","map_index":-1,"try_number":3,"logger":"airflow.dag_processing.dagbag.BundleDagBag","filename":"dagbag.py","lineno":469}
{"timestamp":"2026-06-19T15:16:24.253143Z","level":"warning","event":"The `airflow.operators.python.PythonOperator` attribute is deprecated. Please use `'airflow.providers.standard.operators.python.PythonOperator'`.","category":"UserWarning","filename":"/opt/airflow/dags/etl_bronze.py","lineno":2,"dag_id":"dwh_etl_pipeline","task_id":"bronze_load","run_id":"manual__2026-06-19T15:15:41.059661+00:00","ti_id":"019ee074-5b56-7a0f-b3cf-537213973635","map_index":-1,"try_number":3,"logger":"py.warnings"}
{"timestamp":"2026-06-19T15:16:24.307553Z","level":"info","event":"Task instance is in running state","logger":"task.stdout"}
{"timestamp":"2026-06-19T15:16:24.308341Z","level":"info","event":" Previous state of the Task instance: TaskInstanceState.QUEUED","logger":"task.stdout"}
{"timestamp":"2026-06-19T15:16:24.308981Z","level":"info","event":"Current task name:bronze_load","logger":"task.stdout"}
{"timestamp":"2026-06-19T15:16:24.309499Z","level":"info","event":"Dag name:dwh_etl_pipeline","logger":"task.stdout"}
{"timestamp":"2026-06-19T15:16:24.308659Z","level":"info","event":"::endgroup::","dag_id":"dwh_etl_pipeline","task_id":"bronze_load","run_id":"manual__2026-06-19T15:15:41.059661+00:00","ti_id":"019ee074-5b56-7a0f-b3cf-537213973635","map_index":-1,"try_number":3,"logger":"task","filename":"task_runner.py","lineno":1727}
{"timestamp":"2026-06-19T15:16:26.881526Z","level":"warning","event":"pandas only supports SQLAlchemy connectable (engine/connection) or database string URI or sqlite3 DBAPI2 connection. Other DBAPI2 objects are not tested. Please consider using SQLAlchemy.","category":"UserWarning","filename":"/opt/airflow/ETL/Bronze.py","lineno":39,"dag_id":"dwh_etl_pipeline","task_id":"bronze_load","run_id":"manual__2026-06-19T15:15:41.059661+00:00","ti_id":"019ee074-5b56-7a0f-b3cf-537213973635","map_index":-1,"try_number":3,"logger":"py.warnings"}
{"timestamp":"2026-06-19T15:16:27.667584Z","level":"warning","event":"pandas only supports SQLAlchemy connectable (engine/connection) or database string URI or sqlite3 DBAPI2 connection. Other DBAPI2 objects are not tested. Please consider using SQLAlchemy.","category":"UserWarning","filename":"/opt/airflow/ETL/Bronze.py","lineno":40,"dag_id":"dwh_etl_pipeline","task_id":"bronze_load","run_id":"manual__2026-06-19T15:15:41.059661+00:00","ti_id":"019ee074-5b56-7a0f-b3cf-537213973635","map_index":-1,"try_number":3,"logger":"py.warnings"}
{"timestamp":"2026-06-19T15:16:27.782420Z","level":"warning","event":"pandas only supports SQLAlchemy connectable (engine/connection) or database string URI or sqlite3 DBAPI2 connection. Other DBAPI2 objects are not tested. Please consider using SQLAlchemy.","category":"UserWarning","filename":"/opt/airflow/ETL/Bronze.py","lineno":41,"dag_id":"dwh_etl_pipeline","task_id":"bronze_load","run_id":"manual__2026-06-19T15:15:41.059661+00:00","ti_id":"019ee074-5b56-7a0f-b3cf-537213973635","map_index":-1,"try_number":3,"logger":"py.warnings"}
{"timestamp":"2026-06-19T15:16:29.941339Z","level":"warning","event":"pandas only supports SQLAlchemy connectable (engine/connection) or database string URI or sqlite3 DBAPI2 connection. Other DBAPI2 objects are not tested. Please consider using SQLAlchemy.","category":"UserWarning","filename":"/opt/airflow/ETL/Bronze.py","lineno":43,"dag_id":"dwh_etl_pipeline","task_id":"bronze_load","run_id":"manual__2026-06-19T15:15:41.059661+00:00","ti_id":"019ee074-5b56-7a0f-b3cf-537213973635","map_index":-1,"try_number":3,"logger":"py.warnings"}
{"timestamp":"2026-06-19T15:16:30.530041Z","level":"warning","event":"pandas only supports SQLAlchemy connectable (engine/connection) or database string URI or sqlite3 DBAPI2 connection. Other DBAPI2 objects are not tested. Please consider using SQLAlchemy.","category":"UserWarning","filename":"/opt/airflow/ETL/Bronze.py","lineno":44,"dag_id":"dwh_etl_pipeline","task_id":"bronze_load","run_id":"manual__2026-06-19T15:15:41.059661+00:00","ti_id":"019ee074-5b56-7a0f-b3cf-537213973635","map_index":-1,"try_number":3,"logger":"py.warnings"}
{"timestamp":"2026-06-19T15:16:31.868750Z","level":"info","event":"erp_orders: LOADED 5000 rows","logger":"task.stdout"}
{"timestamp":"2026-06-19T15:16:32.055532Z","level":"info","event":"erp_products: LOADED 300 rows","logger":"task.stdout"}
{"timestamp":"2026-06-19T15:16:32.426009Z","level":"info","event":"erp_order_items: LOADED 15105 rows","logger":"task.stdout"}
{"timestamp":"2026-06-19T15:16:32.628645Z","level":"info","event":"crm_customers: LOADED 2000 rows","logger":"task.stdout"}
{"timestamp":"2026-06-19T15:16:32.871605Z","level":"info","event":"crm_leads: LOADED 3000 rows","logger":"task.stdout"}
{"timestamp":"2026-06-19T15:16:32.975267Z","level":"info","event":"BRONZE LOAD COMPLETED (FAST COPY MODE)","logger":"task.stdout"}
{"timestamp":"2026-06-19T15:16:32.977770Z","level":"info","event":"Done. Returned value was: None","dag_id":"dwh_etl_pipeline","task_id":"bronze_load","run_id":"manual__2026-06-19T15:15:41.059661+00:00","ti_id":"019ee074-5b56-7a0f-b3cf-537213973635","map_index":-1,"try_number":3,"logger":"airflow.task.operators.airflow.providers.standard.operators.python.PythonOperator","filename":"python.py","lineno":233}
{"timestamp":"2026-06-19T15:16:32.978488Z","level":"info","event":"::group::Post Execute","dag_id":"dwh_etl_pipeline","task_id":"bronze_load","run_id":"manual__2026-06-19T15:15:41.059661+00:00","ti_id":"019ee074-5b56-7a0f-b3cf-537213973635","map_index":-1,"try_number":3,"logger":"task","filename":"task_runner.py","lineno":1288}
{"timestamp":"2026-06-19T15:16:33.066980Z","level":"info","event":"Task instance in success state","logger":"task.stdout"}
{"timestamp":"2026-06-19T15:16:33.068591Z","level":"info","event":" Previous state of the Task instance: TaskInstanceState.RUNNING","logger":"task.stdout"}
{"timestamp":"2026-06-19T15:16:33.070829Z","level":"info","event":"Task operator:<Task(PythonOperator): bronze_load>","logger":"task.stdout"}
{"timestamp":"2026-06-19T15:16:33.068637Z","level":"info","event":"::endgroup::","dag_id":"dwh_etl_pipeline","task_id":"bronze_load","run_id":"manual__2026-06-19T15:15:41.059661+00:00","ti_id":"019ee074-5b56-7a0f-b3cf-537213973635","map_index":-1,"try_number":3,"logger":"task","filename":"task_runner.py","lineno":1896}
