{"timestamp":"2026-06-19T14:46:15.676572Z","level":"info","event":"::group::Pre Execute","logger":"task","filename":"task_runner.py","lineno":1926}
{"timestamp":"2026-06-19T14:46:16.103460Z","level":"info","event":"DAG bundles loaded: dags-folder, example_dags","ti_id":"019ee058-c806-7ccf-b01d-3c4200aa835e","map_index":-1,"try_number":1,"run_id":"manual__2026-06-19T14:46:15.276583+00:00","task_id":"bronze_load","dag_id":"dwh_etl_pipeline","logger":"airflow.dag_processing.bundles.manager.DagBundlesManager","filename":"manager.py","lineno":209}
{"timestamp":"2026-06-19T14:46:16.105521Z","level":"info","event":"Filling up the DagBag from /opt/airflow/dags/etl_bronze.py","ti_id":"019ee058-c806-7ccf-b01d-3c4200aa835e","map_index":-1,"try_number":1,"run_id":"manual__2026-06-19T14:46:15.276583+00:00","task_id":"bronze_load","dag_id":"dwh_etl_pipeline","logger":"airflow.dag_processing.dagbag.BundleDagBag","filename":"dagbag.py","lineno":469}
{"timestamp":"2026-06-19T14:46:16.149213Z","level":"warning","event":"The `airflow.operators.python.PythonOperator` attribute is deprecated. Please use `'airflow.providers.standard.operators.python.PythonOperator'`.","category":"UserWarning","filename":"/opt/airflow/dags/etl_bronze.py","lineno":2,"ti_id":"019ee058-c806-7ccf-b01d-3c4200aa835e","map_index":-1,"try_number":1,"run_id":"manual__2026-06-19T14:46:15.276583+00:00","task_id":"bronze_load","dag_id":"dwh_etl_pipeline","logger":"py.warnings"}
{"timestamp":"2026-06-19T14:46:16.205646Z","level":"info","event":"Task instance is in running state","logger":"task.stdout"}
{"timestamp":"2026-06-19T14:46:16.206126Z","level":"info","event":" Previous state of the Task instance: TaskInstanceState.QUEUED","logger":"task.stdout"}
{"timestamp":"2026-06-19T14:46:16.206643Z","level":"info","event":"Current task name:bronze_load","logger":"task.stdout"}
{"timestamp":"2026-06-19T14:46:16.207011Z","level":"info","event":"Dag name:dwh_etl_pipeline","logger":"task.stdout"}
{"timestamp":"2026-06-19T14:46:16.206013Z","level":"info","event":"::endgroup::","ti_id":"019ee058-c806-7ccf-b01d-3c4200aa835e","map_index":-1,"try_number":1,"run_id":"manual__2026-06-19T14:46:15.276583+00:00","task_id":"bronze_load","dag_id":"dwh_etl_pipeline","logger":"task","filename":"task_runner.py","lineno":1727}
{"timestamp":"2026-06-19T14:46:18.386939Z","level":"warning","event":"pandas only supports SQLAlchemy connectable (engine/connection) or database string URI or sqlite3 DBAPI2 connection. Other DBAPI2 objects are not tested. Please consider using SQLAlchemy.","category":"UserWarning","filename":"/opt/airflow/ETL/Bronze.py","lineno":39,"ti_id":"019ee058-c806-7ccf-b01d-3c4200aa835e","map_index":-1,"try_number":1,"run_id":"manual__2026-06-19T14:46:15.276583+00:00","task_id":"bronze_load","dag_id":"dwh_etl_pipeline","logger":"py.warnings"}
{"timestamp":"2026-06-19T14:46:19.041888Z","level":"warning","event":"pandas only supports SQLAlchemy connectable (engine/connection) or database string URI or sqlite3 DBAPI2 connection. Other DBAPI2 objects are not tested. Please consider using SQLAlchemy.","category":"UserWarning","filename":"/opt/airflow/ETL/Bronze.py","lineno":40,"ti_id":"019ee058-c806-7ccf-b01d-3c4200aa835e","map_index":-1,"try_number":1,"run_id":"manual__2026-06-19T14:46:15.276583+00:00","task_id":"bronze_load","dag_id":"dwh_etl_pipeline","logger":"py.warnings"}
{"timestamp":"2026-06-19T14:46:19.134845Z","level":"warning","event":"pandas only supports SQLAlchemy connectable (engine/connection) or database string URI or sqlite3 DBAPI2 connection. Other DBAPI2 objects are not tested. Please consider using SQLAlchemy.","category":"UserWarning","filename":"/opt/airflow/ETL/Bronze.py","lineno":41,"ti_id":"019ee058-c806-7ccf-b01d-3c4200aa835e","map_index":-1,"try_number":1,"run_id":"manual__2026-06-19T14:46:15.276583+00:00","task_id":"bronze_load","dag_id":"dwh_etl_pipeline","logger":"py.warnings"}
{"timestamp":"2026-06-19T14:46:20.269556Z","level":"warning","event":"pandas only supports SQLAlchemy connectable (engine/connection) or database string URI or sqlite3 DBAPI2 connection. Other DBAPI2 objects are not tested. Please consider using SQLAlchemy.","category":"UserWarning","filename":"/opt/airflow/ETL/Bronze.py","lineno":43,"ti_id":"019ee058-c806-7ccf-b01d-3c4200aa835e","map_index":-1,"try_number":1,"run_id":"manual__2026-06-19T14:46:15.276583+00:00","task_id":"bronze_load","dag_id":"dwh_etl_pipeline","logger":"py.warnings"}
{"timestamp":"2026-06-19T14:46:20.919311Z","level":"warning","event":"pandas only supports SQLAlchemy connectable (engine/connection) or database string URI or sqlite3 DBAPI2 connection. Other DBAPI2 objects are not tested. Please consider using SQLAlchemy.","category":"UserWarning","filename":"/opt/airflow/ETL/Bronze.py","lineno":44,"ti_id":"019ee058-c806-7ccf-b01d-3c4200aa835e","map_index":-1,"try_number":1,"run_id":"manual__2026-06-19T14:46:15.276583+00:00","task_id":"bronze_load","dag_id":"dwh_etl_pipeline","logger":"py.warnings"}
{"timestamp":"2026-06-19T14:46:21.984429Z","level":"info","event":"erp_orders: LOADED 5000 rows","logger":"task.stdout"}
{"timestamp":"2026-06-19T14:46:22.163084Z","level":"info","event":"erp_products: LOADED 300 rows","logger":"task.stdout"}
{"timestamp":"2026-06-19T14:46:22.497446Z","level":"info","event":"erp_order_items: LOADED 15105 rows","logger":"task.stdout"}
{"timestamp":"2026-06-19T14:46:22.701588Z","level":"info","event":"crm_customers: LOADED 2000 rows","logger":"task.stdout"}
{"timestamp":"2026-06-19T14:46:22.914491Z","level":"info","event":"crm_leads: LOADED 3000 rows","logger":"task.stdout"}
{"timestamp":"2026-06-19T14:46:23.008212Z","level":"info","event":"BRONZE LOAD COMPLETED (FAST COPY MODE)","logger":"task.stdout"}
{"timestamp":"2026-06-19T14:46:23.009018Z","level":"info","event":"Done. Returned value was: None","ti_id":"019ee058-c806-7ccf-b01d-3c4200aa835e","map_index":-1,"try_number":1,"run_id":"manual__2026-06-19T14:46:15.276583+00:00","task_id":"bronze_load","dag_id":"dwh_etl_pipeline","logger":"airflow.task.operators.airflow.providers.standard.operators.python.PythonOperator","filename":"python.py","lineno":233}
{"timestamp":"2026-06-19T14:46:23.009211Z","level":"info","event":"::group::Post Execute","ti_id":"019ee058-c806-7ccf-b01d-3c4200aa835e","map_index":-1,"try_number":1,"run_id":"manual__2026-06-19T14:46:15.276583+00:00","task_id":"bronze_load","dag_id":"dwh_etl_pipeline","logger":"task","filename":"task_runner.py","lineno":1288}
{"timestamp":"2026-06-19T14:46:23.037218Z","level":"info","event":"Task instance in success state","logger":"task.stdout"}
{"timestamp":"2026-06-19T14:46:23.037686Z","level":"info","event":" Previous state of the Task instance: TaskInstanceState.RUNNING","logger":"task.stdout"}
{"timestamp":"2026-06-19T14:46:23.038068Z","level":"info","event":"Task operator:<Task(PythonOperator): bronze_load>","logger":"task.stdout"}
{"timestamp":"2026-06-19T14:46:23.037695Z","level":"info","event":"::endgroup::","ti_id":"019ee058-c806-7ccf-b01d-3c4200aa835e","map_index":-1,"try_number":1,"run_id":"manual__2026-06-19T14:46:15.276583+00:00","task_id":"bronze_load","dag_id":"dwh_etl_pipeline","logger":"task","filename":"task_runner.py","lineno":1896}
