{"timestamp":"2026-06-19T14:43:53.562201Z","level":"info","event":"::group::Pre Execute","logger":"task","filename":"task_runner.py","lineno":1926}
{"timestamp":"2026-06-19T14:43:58.911410Z","level":"info","event":"DAG bundles loaded: dags-folder, example_dags","dag_id":"dwh_etl_pipeline","run_id":"manual__2026-06-19T14:43:50.924495+00:00","task_id":"bronze_load","try_number":1,"map_index":-1,"ti_id":"019ee056-962e-72b0-bd77-086b66203e6d","logger":"airflow.dag_processing.bundles.manager.DagBundlesManager","filename":"manager.py","lineno":209}
{"timestamp":"2026-06-19T14:43:58.914289Z","level":"info","event":"Filling up the DagBag from /opt/airflow/dags/etl_bronze.py","dag_id":"dwh_etl_pipeline","run_id":"manual__2026-06-19T14:43:50.924495+00:00","task_id":"bronze_load","try_number":1,"map_index":-1,"ti_id":"019ee056-962e-72b0-bd77-086b66203e6d","logger":"airflow.dag_processing.dagbag.BundleDagBag","filename":"dagbag.py","lineno":469}
{"timestamp":"2026-06-19T14:43:58.966798Z","level":"warning","event":"The `airflow.operators.python.PythonOperator` attribute is deprecated. Please use `'airflow.providers.standard.operators.python.PythonOperator'`.","category":"UserWarning","filename":"/opt/airflow/dags/etl_bronze.py","lineno":2,"dag_id":"dwh_etl_pipeline","run_id":"manual__2026-06-19T14:43:50.924495+00:00","task_id":"bronze_load","try_number":1,"map_index":-1,"ti_id":"019ee056-962e-72b0-bd77-086b66203e6d","logger":"py.warnings"}
{"timestamp":"2026-06-19T14:43:59.031286Z","level":"info","event":"Task instance is in running state","logger":"task.stdout"}
{"timestamp":"2026-06-19T14:43:59.037219Z","level":"info","event":" Previous state of the Task instance: TaskInstanceState.QUEUED","logger":"task.stdout"}
{"timestamp":"2026-06-19T14:43:59.037780Z","level":"info","event":"Current task name:bronze_load","logger":"task.stdout"}
{"timestamp":"2026-06-19T14:43:59.038245Z","level":"info","event":"Dag name:dwh_etl_pipeline","logger":"task.stdout"}
{"timestamp":"2026-06-19T14:43:59.032381Z","level":"info","event":"::endgroup::","dag_id":"dwh_etl_pipeline","run_id":"manual__2026-06-19T14:43:50.924495+00:00","task_id":"bronze_load","try_number":1,"map_index":-1,"ti_id":"019ee056-962e-72b0-bd77-086b66203e6d","logger":"task","filename":"task_runner.py","lineno":1727}
{"timestamp":"2026-06-19T14:44:01.265997Z","level":"warning","event":"pandas only supports SQLAlchemy connectable (engine/connection) or database string URI or sqlite3 DBAPI2 connection. Other DBAPI2 objects are not tested. Please consider using SQLAlchemy.","category":"UserWarning","filename":"/opt/airflow/ETL/Bronze.py","lineno":39,"dag_id":"dwh_etl_pipeline","run_id":"manual__2026-06-19T14:43:50.924495+00:00","task_id":"bronze_load","try_number":1,"map_index":-1,"ti_id":"019ee056-962e-72b0-bd77-086b66203e6d","logger":"py.warnings"}
{"timestamp":"2026-06-19T14:44:01.969999Z","level":"warning","event":"pandas only supports SQLAlchemy connectable (engine/connection) or database string URI or sqlite3 DBAPI2 connection. Other DBAPI2 objects are not tested. Please consider using SQLAlchemy.","category":"UserWarning","filename":"/opt/airflow/ETL/Bronze.py","lineno":40,"dag_id":"dwh_etl_pipeline","run_id":"manual__2026-06-19T14:43:50.924495+00:00","task_id":"bronze_load","try_number":1,"map_index":-1,"ti_id":"019ee056-962e-72b0-bd77-086b66203e6d","logger":"py.warnings"}
{"timestamp":"2026-06-19T14:44:02.078519Z","level":"warning","event":"pandas only supports SQLAlchemy connectable (engine/connection) or database string URI or sqlite3 DBAPI2 connection. Other DBAPI2 objects are not tested. Please consider using SQLAlchemy.","category":"UserWarning","filename":"/opt/airflow/ETL/Bronze.py","lineno":41,"dag_id":"dwh_etl_pipeline","run_id":"manual__2026-06-19T14:43:50.924495+00:00","task_id":"bronze_load","try_number":1,"map_index":-1,"ti_id":"019ee056-962e-72b0-bd77-086b66203e6d","logger":"py.warnings"}
{"timestamp":"2026-06-19T14:44:03.099536Z","level":"warning","event":"pandas only supports SQLAlchemy connectable (engine/connection) or database string URI or sqlite3 DBAPI2 connection. Other DBAPI2 objects are not tested. Please consider using SQLAlchemy.","category":"UserWarning","filename":"/opt/airflow/ETL/Bronze.py","lineno":43,"dag_id":"dwh_etl_pipeline","run_id":"manual__2026-06-19T14:43:50.924495+00:00","task_id":"bronze_load","try_number":1,"map_index":-1,"ti_id":"019ee056-962e-72b0-bd77-086b66203e6d","logger":"py.warnings"}
{"timestamp":"2026-06-19T14:44:03.681078Z","level":"warning","event":"pandas only supports SQLAlchemy connectable (engine/connection) or database string URI or sqlite3 DBAPI2 connection. Other DBAPI2 objects are not tested. Please consider using SQLAlchemy.","category":"UserWarning","filename":"/opt/airflow/ETL/Bronze.py","lineno":44,"dag_id":"dwh_etl_pipeline","run_id":"manual__2026-06-19T14:43:50.924495+00:00","task_id":"bronze_load","try_number":1,"map_index":-1,"ti_id":"019ee056-962e-72b0-bd77-086b66203e6d","logger":"py.warnings"}
{"timestamp":"2026-06-19T14:44:04.834150Z","level":"info","event":"erp_orders: LOADED 5000 rows","logger":"task.stdout"}
{"timestamp":"2026-06-19T14:44:05.049449Z","level":"info","event":"erp_products: LOADED 300 rows","logger":"task.stdout"}
{"timestamp":"2026-06-19T14:44:05.490815Z","level":"info","event":"erp_order_items: LOADED 15105 rows","logger":"task.stdout"}
{"timestamp":"2026-06-19T14:44:05.741136Z","level":"info","event":"crm_customers: LOADED 2000 rows","logger":"task.stdout"}
{"timestamp":"2026-06-19T14:44:05.991702Z","level":"info","event":"crm_leads: LOADED 3000 rows","logger":"task.stdout"}
{"timestamp":"2026-06-19T14:44:06.093735Z","level":"info","event":"BRONZE LOAD COMPLETED (FAST COPY MODE)","logger":"task.stdout"}
{"timestamp":"2026-06-19T14:44:06.095480Z","level":"info","event":"Done. Returned value was: None","dag_id":"dwh_etl_pipeline","run_id":"manual__2026-06-19T14:43:50.924495+00:00","task_id":"bronze_load","try_number":1,"map_index":-1,"ti_id":"019ee056-962e-72b0-bd77-086b66203e6d","logger":"airflow.task.operators.airflow.providers.standard.operators.python.PythonOperator","filename":"python.py","lineno":233}
{"timestamp":"2026-06-19T14:44:06.095827Z","level":"info","event":"::group::Post Execute","dag_id":"dwh_etl_pipeline","run_id":"manual__2026-06-19T14:43:50.924495+00:00","task_id":"bronze_load","try_number":1,"map_index":-1,"ti_id":"019ee056-962e-72b0-bd77-086b66203e6d","logger":"task","filename":"task_runner.py","lineno":1288}
{"timestamp":"2026-06-19T14:44:06.188217Z","level":"info","event":"Task instance in success state","logger":"task.stdout"}
{"timestamp":"2026-06-19T14:44:06.190112Z","level":"info","event":" Previous state of the Task instance: TaskInstanceState.RUNNING","logger":"task.stdout"}
{"timestamp":"2026-06-19T14:44:06.192563Z","level":"info","event":"Task operator:<Task(PythonOperator): bronze_load>","logger":"task.stdout"}
{"timestamp":"2026-06-19T14:44:06.190770Z","level":"info","event":"::endgroup::","dag_id":"dwh_etl_pipeline","run_id":"manual__2026-06-19T14:43:50.924495+00:00","task_id":"bronze_load","try_number":1,"map_index":-1,"ti_id":"019ee056-962e-72b0-bd77-086b66203e6d","logger":"task","filename":"task_runner.py","lineno":1896}
