{"timestamp":"2026-06-19T14:24:07.845963Z","level":"info","event":"::group::Pre Execute","logger":"task","filename":"task_runner.py","lineno":1926}
{"timestamp":"2026-06-19T14:24:12.027053Z","level":"info","event":"DAG bundles loaded: dags-folder, example_dags","task_id":"bronze_load","try_number":1,"ti_id":"019ee044-8159-7969-af3d-c078e6a01d3d","map_index":-1,"dag_id":"dwh_etl_pipeline","run_id":"manual__2026-06-19T14:24:06.464158+00:00","logger":"airflow.dag_processing.bundles.manager.DagBundlesManager","filename":"manager.py","lineno":209}
{"timestamp":"2026-06-19T14:24:12.028813Z","level":"info","event":"Filling up the DagBag from /opt/airflow/dags/etl_bronze.py","task_id":"bronze_load","try_number":1,"ti_id":"019ee044-8159-7969-af3d-c078e6a01d3d","map_index":-1,"dag_id":"dwh_etl_pipeline","run_id":"manual__2026-06-19T14:24:06.464158+00:00","logger":"airflow.dag_processing.dagbag.BundleDagBag","filename":"dagbag.py","lineno":469}
{"timestamp":"2026-06-19T14:24:12.064974Z","level":"warning","event":"The `airflow.operators.python.PythonOperator` attribute is deprecated. Please use `'airflow.providers.standard.operators.python.PythonOperator'`.","category":"UserWarning","filename":"/opt/airflow/dags/etl_bronze.py","lineno":2,"task_id":"bronze_load","try_number":1,"ti_id":"019ee044-8159-7969-af3d-c078e6a01d3d","map_index":-1,"dag_id":"dwh_etl_pipeline","run_id":"manual__2026-06-19T14:24:06.464158+00:00","logger":"py.warnings"}
{"timestamp":"2026-06-19T14:24:12.112654Z","level":"info","event":"Task instance is in running state","logger":"task.stdout"}
{"timestamp":"2026-06-19T14:24:12.113289Z","level":"info","event":" Previous state of the Task instance: TaskInstanceState.QUEUED","logger":"task.stdout"}
{"timestamp":"2026-06-19T14:24:12.113711Z","level":"info","event":"Current task name:bronze_load","logger":"task.stdout"}
{"timestamp":"2026-06-19T14:24:12.114083Z","level":"info","event":"Dag name:dwh_etl_pipeline","logger":"task.stdout"}
{"timestamp":"2026-06-19T14:24:12.113221Z","level":"info","event":"::endgroup::","task_id":"bronze_load","try_number":1,"ti_id":"019ee044-8159-7969-af3d-c078e6a01d3d","map_index":-1,"dag_id":"dwh_etl_pipeline","run_id":"manual__2026-06-19T14:24:06.464158+00:00","logger":"task","filename":"task_runner.py","lineno":1727}
{"timestamp":"2026-06-19T14:24:15.886188Z","level":"warning","event":"pandas only supports SQLAlchemy connectable (engine/connection) or database string URI or sqlite3 DBAPI2 connection. Other DBAPI2 objects are not tested. Please consider using SQLAlchemy.","category":"UserWarning","filename":"/opt/airflow/ETL/Bronze.py","lineno":39,"task_id":"bronze_load","try_number":1,"ti_id":"019ee044-8159-7969-af3d-c078e6a01d3d","map_index":-1,"dag_id":"dwh_etl_pipeline","run_id":"manual__2026-06-19T14:24:06.464158+00:00","logger":"py.warnings"}
{"timestamp":"2026-06-19T14:24:16.632614Z","level":"warning","event":"pandas only supports SQLAlchemy connectable (engine/connection) or database string URI or sqlite3 DBAPI2 connection. Other DBAPI2 objects are not tested. Please consider using SQLAlchemy.","category":"UserWarning","filename":"/opt/airflow/ETL/Bronze.py","lineno":40,"task_id":"bronze_load","try_number":1,"ti_id":"019ee044-8159-7969-af3d-c078e6a01d3d","map_index":-1,"dag_id":"dwh_etl_pipeline","run_id":"manual__2026-06-19T14:24:06.464158+00:00","logger":"py.warnings"}
{"timestamp":"2026-06-19T14:24:16.759921Z","level":"warning","event":"pandas only supports SQLAlchemy connectable (engine/connection) or database string URI or sqlite3 DBAPI2 connection. Other DBAPI2 objects are not tested. Please consider using SQLAlchemy.","category":"UserWarning","filename":"/opt/airflow/ETL/Bronze.py","lineno":41,"task_id":"bronze_load","try_number":1,"ti_id":"019ee044-8159-7969-af3d-c078e6a01d3d","map_index":-1,"dag_id":"dwh_etl_pipeline","run_id":"manual__2026-06-19T14:24:06.464158+00:00","logger":"py.warnings"}
{"timestamp":"2026-06-19T14:24:18.223286Z","level":"warning","event":"pandas only supports SQLAlchemy connectable (engine/connection) or database string URI or sqlite3 DBAPI2 connection. Other DBAPI2 objects are not tested. Please consider using SQLAlchemy.","category":"UserWarning","filename":"/opt/airflow/ETL/Bronze.py","lineno":43,"task_id":"bronze_load","try_number":1,"ti_id":"019ee044-8159-7969-af3d-c078e6a01d3d","map_index":-1,"dag_id":"dwh_etl_pipeline","run_id":"manual__2026-06-19T14:24:06.464158+00:00","logger":"py.warnings"}
{"timestamp":"2026-06-19T14:24:18.836890Z","level":"warning","event":"pandas only supports SQLAlchemy connectable (engine/connection) or database string URI or sqlite3 DBAPI2 connection. Other DBAPI2 objects are not tested. Please consider using SQLAlchemy.","category":"UserWarning","filename":"/opt/airflow/ETL/Bronze.py","lineno":44,"task_id":"bronze_load","try_number":1,"ti_id":"019ee044-8159-7969-af3d-c078e6a01d3d","map_index":-1,"dag_id":"dwh_etl_pipeline","run_id":"manual__2026-06-19T14:24:06.464158+00:00","logger":"py.warnings"}
{"timestamp":"2026-06-19T14:24:19.928818Z","level":"info","event":"erp_orders: LOADED 5000 rows","logger":"task.stdout"}
{"timestamp":"2026-06-19T14:24:20.110332Z","level":"info","event":"erp_products: LOADED 300 rows","logger":"task.stdout"}
{"timestamp":"2026-06-19T14:24:20.431640Z","level":"info","event":"erp_order_items: LOADED 15105 rows","logger":"task.stdout"}
{"timestamp":"2026-06-19T14:24:20.636316Z","level":"info","event":"crm_customers: LOADED 2000 rows","logger":"task.stdout"}
{"timestamp":"2026-06-19T14:24:20.845799Z","level":"info","event":"crm_leads: LOADED 3000 rows","logger":"task.stdout"}
{"timestamp":"2026-06-19T14:24:20.980612Z","level":"info","event":"BRONZE LOAD COMPLETED (FAST COPY MODE)","logger":"task.stdout"}
{"timestamp":"2026-06-19T14:24:20.981446Z","level":"info","event":"Done. Returned value was: None","task_id":"bronze_load","try_number":1,"ti_id":"019ee044-8159-7969-af3d-c078e6a01d3d","map_index":-1,"dag_id":"dwh_etl_pipeline","run_id":"manual__2026-06-19T14:24:06.464158+00:00","logger":"airflow.task.operators.airflow.providers.standard.operators.python.PythonOperator","filename":"python.py","lineno":233}
{"timestamp":"2026-06-19T14:24:20.981607Z","level":"info","event":"::group::Post Execute","task_id":"bronze_load","try_number":1,"ti_id":"019ee044-8159-7969-af3d-c078e6a01d3d","map_index":-1,"dag_id":"dwh_etl_pipeline","run_id":"manual__2026-06-19T14:24:06.464158+00:00","logger":"task","filename":"task_runner.py","lineno":1288}
{"timestamp":"2026-06-19T14:24:21.007715Z","level":"info","event":"Task instance in success state","logger":"task.stdout"}
{"timestamp":"2026-06-19T14:24:21.008074Z","level":"info","event":" Previous state of the Task instance: TaskInstanceState.RUNNING","logger":"task.stdout"}
{"timestamp":"2026-06-19T14:24:21.008401Z","level":"info","event":"Task operator:<Task(PythonOperator): bronze_load>","logger":"task.stdout"}
{"timestamp":"2026-06-19T14:24:21.008112Z","level":"info","event":"::endgroup::","task_id":"bronze_load","try_number":1,"ti_id":"019ee044-8159-7969-af3d-c078e6a01d3d","map_index":-1,"dag_id":"dwh_etl_pipeline","run_id":"manual__2026-06-19T14:24:06.464158+00:00","logger":"task","filename":"task_runner.py","lineno":1896}
