{"timestamp":"2026-06-19T14:29:12.984401Z","level":"info","event":"::group::Pre Execute","logger":"task","filename":"task_runner.py","lineno":1926}
{"timestamp":"2026-06-19T14:29:16.799493Z","level":"info","event":"DAG bundles loaded: dags-folder, example_dags","try_number":1,"dag_id":"dwh_etl_pipeline","ti_id":"019ee049-2986-7928-b583-bb1353bb176e","task_id":"bronze_load","run_id":"manual__2026-06-19T14:29:11.660320+00:00","map_index":-1,"logger":"airflow.dag_processing.bundles.manager.DagBundlesManager","filename":"manager.py","lineno":209}
{"timestamp":"2026-06-19T14:29:16.801508Z","level":"info","event":"Filling up the DagBag from /opt/airflow/dags/etl_bronze.py","try_number":1,"dag_id":"dwh_etl_pipeline","ti_id":"019ee049-2986-7928-b583-bb1353bb176e","task_id":"bronze_load","run_id":"manual__2026-06-19T14:29:11.660320+00:00","map_index":-1,"logger":"airflow.dag_processing.dagbag.BundleDagBag","filename":"dagbag.py","lineno":469}
{"timestamp":"2026-06-19T14:29:16.842476Z","level":"warning","event":"The `airflow.operators.python.PythonOperator` attribute is deprecated. Please use `'airflow.providers.standard.operators.python.PythonOperator'`.","category":"UserWarning","filename":"/opt/airflow/dags/etl_bronze.py","lineno":2,"try_number":1,"dag_id":"dwh_etl_pipeline","ti_id":"019ee049-2986-7928-b583-bb1353bb176e","task_id":"bronze_load","run_id":"manual__2026-06-19T14:29:11.660320+00:00","map_index":-1,"logger":"py.warnings"}
{"timestamp":"2026-06-19T14:29:16.890815Z","level":"info","event":"Task instance is in running state","logger":"task.stdout"}
{"timestamp":"2026-06-19T14:29:16.891336Z","level":"info","event":" Previous state of the Task instance: TaskInstanceState.QUEUED","logger":"task.stdout"}
{"timestamp":"2026-06-19T14:29:16.891864Z","level":"info","event":"Current task name:bronze_load","logger":"task.stdout"}
{"timestamp":"2026-06-19T14:29:16.892218Z","level":"info","event":"Dag name:dwh_etl_pipeline","logger":"task.stdout"}
{"timestamp":"2026-06-19T14:29:16.891282Z","level":"info","event":"::endgroup::","try_number":1,"dag_id":"dwh_etl_pipeline","ti_id":"019ee049-2986-7928-b583-bb1353bb176e","task_id":"bronze_load","run_id":"manual__2026-06-19T14:29:11.660320+00:00","map_index":-1,"logger":"task","filename":"task_runner.py","lineno":1727}
{"timestamp":"2026-06-19T14:29:19.277182Z","level":"warning","event":"pandas only supports SQLAlchemy connectable (engine/connection) or database string URI or sqlite3 DBAPI2 connection. Other DBAPI2 objects are not tested. Please consider using SQLAlchemy.","category":"UserWarning","filename":"/opt/airflow/ETL/Bronze.py","lineno":39,"try_number":1,"dag_id":"dwh_etl_pipeline","ti_id":"019ee049-2986-7928-b583-bb1353bb176e","task_id":"bronze_load","run_id":"manual__2026-06-19T14:29:11.660320+00:00","map_index":-1,"logger":"py.warnings"}
{"timestamp":"2026-06-19T14:29:20.009934Z","level":"warning","event":"pandas only supports SQLAlchemy connectable (engine/connection) or database string URI or sqlite3 DBAPI2 connection. Other DBAPI2 objects are not tested. Please consider using SQLAlchemy.","category":"UserWarning","filename":"/opt/airflow/ETL/Bronze.py","lineno":40,"try_number":1,"dag_id":"dwh_etl_pipeline","ti_id":"019ee049-2986-7928-b583-bb1353bb176e","task_id":"bronze_load","run_id":"manual__2026-06-19T14:29:11.660320+00:00","map_index":-1,"logger":"py.warnings"}
{"timestamp":"2026-06-19T14:29:20.102819Z","level":"warning","event":"pandas only supports SQLAlchemy connectable (engine/connection) or database string URI or sqlite3 DBAPI2 connection. Other DBAPI2 objects are not tested. Please consider using SQLAlchemy.","category":"UserWarning","filename":"/opt/airflow/ETL/Bronze.py","lineno":41,"try_number":1,"dag_id":"dwh_etl_pipeline","ti_id":"019ee049-2986-7928-b583-bb1353bb176e","task_id":"bronze_load","run_id":"manual__2026-06-19T14:29:11.660320+00:00","map_index":-1,"logger":"py.warnings"}
{"timestamp":"2026-06-19T14:29:21.306654Z","level":"warning","event":"pandas only supports SQLAlchemy connectable (engine/connection) or database string URI or sqlite3 DBAPI2 connection. Other DBAPI2 objects are not tested. Please consider using SQLAlchemy.","category":"UserWarning","filename":"/opt/airflow/ETL/Bronze.py","lineno":43,"try_number":1,"dag_id":"dwh_etl_pipeline","ti_id":"019ee049-2986-7928-b583-bb1353bb176e","task_id":"bronze_load","run_id":"manual__2026-06-19T14:29:11.660320+00:00","map_index":-1,"logger":"py.warnings"}
{"timestamp":"2026-06-19T14:29:21.919573Z","level":"warning","event":"pandas only supports SQLAlchemy connectable (engine/connection) or database string URI or sqlite3 DBAPI2 connection. Other DBAPI2 objects are not tested. Please consider using SQLAlchemy.","category":"UserWarning","filename":"/opt/airflow/ETL/Bronze.py","lineno":44,"try_number":1,"dag_id":"dwh_etl_pipeline","ti_id":"019ee049-2986-7928-b583-bb1353bb176e","task_id":"bronze_load","run_id":"manual__2026-06-19T14:29:11.660320+00:00","map_index":-1,"logger":"py.warnings"}
{"timestamp":"2026-06-19T14:29:23.039292Z","level":"info","event":"erp_orders: LOADED 5000 rows","logger":"task.stdout"}
{"timestamp":"2026-06-19T14:29:23.222099Z","level":"info","event":"erp_products: LOADED 300 rows","logger":"task.stdout"}
{"timestamp":"2026-06-19T14:29:23.553973Z","level":"info","event":"erp_order_items: LOADED 15105 rows","logger":"task.stdout"}
{"timestamp":"2026-06-19T14:29:23.788096Z","level":"info","event":"crm_customers: LOADED 2000 rows","logger":"task.stdout"}
{"timestamp":"2026-06-19T14:29:24.010233Z","level":"info","event":"crm_leads: LOADED 3000 rows","logger":"task.stdout"}
{"timestamp":"2026-06-19T14:29:24.102764Z","level":"info","event":"BRONZE LOAD COMPLETED (FAST COPY MODE)","logger":"task.stdout"}
{"timestamp":"2026-06-19T14:29:24.103474Z","level":"info","event":"Done. Returned value was: None","try_number":1,"dag_id":"dwh_etl_pipeline","ti_id":"019ee049-2986-7928-b583-bb1353bb176e","task_id":"bronze_load","run_id":"manual__2026-06-19T14:29:11.660320+00:00","map_index":-1,"logger":"airflow.task.operators.airflow.providers.standard.operators.python.PythonOperator","filename":"python.py","lineno":233}
{"timestamp":"2026-06-19T14:29:24.103663Z","level":"info","event":"::group::Post Execute","try_number":1,"dag_id":"dwh_etl_pipeline","ti_id":"019ee049-2986-7928-b583-bb1353bb176e","task_id":"bronze_load","run_id":"manual__2026-06-19T14:29:11.660320+00:00","map_index":-1,"logger":"task","filename":"task_runner.py","lineno":1288}
{"timestamp":"2026-06-19T14:29:24.139796Z","level":"info","event":"Task instance in success state","logger":"task.stdout"}
{"timestamp":"2026-06-19T14:29:24.140745Z","level":"info","event":" Previous state of the Task instance: TaskInstanceState.RUNNING","logger":"task.stdout"}
{"timestamp":"2026-06-19T14:29:24.141294Z","level":"info","event":"Task operator:<Task(PythonOperator): bronze_load>","logger":"task.stdout"}
{"timestamp":"2026-06-19T14:29:24.140369Z","level":"info","event":"::endgroup::","try_number":1,"dag_id":"dwh_etl_pipeline","ti_id":"019ee049-2986-7928-b583-bb1353bb176e","task_id":"bronze_load","run_id":"manual__2026-06-19T14:29:11.660320+00:00","map_index":-1,"logger":"task","filename":"task_runner.py","lineno":1896}
