{"timestamp":"2026-06-19T14:46:24.118059Z","level":"info","event":"::group::Pre Execute","logger":"task","filename":"task_runner.py","lineno":1926}
{"timestamp":"2026-06-19T14:46:24.535507Z","level":"info","event":"DAG bundles loaded: dags-folder, example_dags","ti_id":"019ee058-c807-7299-be8b-137e5a14e0a2","map_index":-1,"try_number":1,"run_id":"manual__2026-06-19T14:46:15.276583+00:00","task_id":"silver_transform","dag_id":"dwh_etl_pipeline","logger":"airflow.dag_processing.bundles.manager.DagBundlesManager","filename":"manager.py","lineno":209}
{"timestamp":"2026-06-19T14:46:24.537869Z","level":"info","event":"Filling up the DagBag from /opt/airflow/dags/etl_bronze.py","ti_id":"019ee058-c807-7299-be8b-137e5a14e0a2","map_index":-1,"try_number":1,"run_id":"manual__2026-06-19T14:46:15.276583+00:00","task_id":"silver_transform","dag_id":"dwh_etl_pipeline","logger":"airflow.dag_processing.dagbag.BundleDagBag","filename":"dagbag.py","lineno":469}
{"timestamp":"2026-06-19T14:46:24.593043Z","level":"warning","event":"The `airflow.operators.python.PythonOperator` attribute is deprecated. Please use `'airflow.providers.standard.operators.python.PythonOperator'`.","category":"UserWarning","filename":"/opt/airflow/dags/etl_bronze.py","lineno":2,"ti_id":"019ee058-c807-7299-be8b-137e5a14e0a2","map_index":-1,"try_number":1,"run_id":"manual__2026-06-19T14:46:15.276583+00:00","task_id":"silver_transform","dag_id":"dwh_etl_pipeline","logger":"py.warnings"}
{"timestamp":"2026-06-19T14:46:24.621228Z","level":"info","event":"Task instance is in running state","logger":"task.stdout"}
{"timestamp":"2026-06-19T14:46:24.621716Z","level":"info","event":" Previous state of the Task instance: TaskInstanceState.QUEUED","logger":"task.stdout"}
{"timestamp":"2026-06-19T14:46:24.622058Z","level":"info","event":"Current task name:silver_transform","logger":"task.stdout"}
{"timestamp":"2026-06-19T14:46:24.622432Z","level":"info","event":"Dag name:dwh_etl_pipeline","logger":"task.stdout"}
{"timestamp":"2026-06-19T14:46:24.621713Z","level":"info","event":"::endgroup::","ti_id":"019ee058-c807-7299-be8b-137e5a14e0a2","map_index":-1,"try_number":1,"run_id":"manual__2026-06-19T14:46:15.276583+00:00","task_id":"silver_transform","dag_id":"dwh_etl_pipeline","logger":"task","filename":"task_runner.py","lineno":1727}
{"timestamp":"2026-06-19T14:46:25.363353Z","level":"warning","event":"pandas only supports SQLAlchemy connectable (engine/connection) or database string URI or sqlite3 DBAPI2 connection. Other DBAPI2 objects are not tested. Please consider using SQLAlchemy.","category":"UserWarning","filename":"/opt/airflow/ETL/Silver.py","lineno":12,"ti_id":"019ee058-c807-7299-be8b-137e5a14e0a2","map_index":-1,"try_number":1,"run_id":"manual__2026-06-19T14:46:15.276583+00:00","task_id":"silver_transform","dag_id":"dwh_etl_pipeline","logger":"py.warnings"}
{"timestamp":"2026-06-19T14:46:26.269720Z","level":"warning","event":"pandas only supports SQLAlchemy connectable (engine/connection) or database string URI or sqlite3 DBAPI2 connection. Other DBAPI2 objects are not tested. Please consider using SQLAlchemy.","category":"UserWarning","filename":"/opt/airflow/ETL/Silver.py","lineno":13,"ti_id":"019ee058-c807-7299-be8b-137e5a14e0a2","map_index":-1,"try_number":1,"run_id":"manual__2026-06-19T14:46:15.276583+00:00","task_id":"silver_transform","dag_id":"dwh_etl_pipeline","logger":"py.warnings"}
{"timestamp":"2026-06-19T14:46:26.363935Z","level":"warning","event":"pandas only supports SQLAlchemy connectable (engine/connection) or database string URI or sqlite3 DBAPI2 connection. Other DBAPI2 objects are not tested. Please consider using SQLAlchemy.","category":"UserWarning","filename":"/opt/airflow/ETL/Silver.py","lineno":14,"ti_id":"019ee058-c807-7299-be8b-137e5a14e0a2","map_index":-1,"try_number":1,"run_id":"manual__2026-06-19T14:46:15.276583+00:00","task_id":"silver_transform","dag_id":"dwh_etl_pipeline","logger":"py.warnings"}
{"timestamp":"2026-06-19T14:46:27.898929Z","level":"warning","event":"pandas only supports SQLAlchemy connectable (engine/connection) or database string URI or sqlite3 DBAPI2 connection. Other DBAPI2 objects are not tested. Please consider using SQLAlchemy.","category":"UserWarning","filename":"/opt/airflow/ETL/Silver.py","lineno":16,"ti_id":"019ee058-c807-7299-be8b-137e5a14e0a2","map_index":-1,"try_number":1,"run_id":"manual__2026-06-19T14:46:15.276583+00:00","task_id":"silver_transform","dag_id":"dwh_etl_pipeline","logger":"py.warnings"}
{"timestamp":"2026-06-19T14:46:28.435818Z","level":"warning","event":"pandas only supports SQLAlchemy connectable (engine/connection) or database string URI or sqlite3 DBAPI2 connection. Other DBAPI2 objects are not tested. Please consider using SQLAlchemy.","category":"UserWarning","filename":"/opt/airflow/ETL/Silver.py","lineno":17,"ti_id":"019ee058-c807-7299-be8b-137e5a14e0a2","map_index":-1,"try_number":1,"run_id":"manual__2026-06-19T14:46:15.276583+00:00","task_id":"silver_transform","dag_id":"dwh_etl_pipeline","logger":"py.warnings"}
{"timestamp":"2026-06-19T14:46:29.669072Z","level":"info","event":"LOADED SILVER: orders_clean -> 5000 rows","logger":"task.stdout"}
{"timestamp":"2026-06-19T14:46:29.953268Z","level":"info","event":"LOADED SILVER: products_clean -> 300 rows","logger":"task.stdout"}
{"timestamp":"2026-06-19T14:46:30.360024Z","level":"info","event":"LOADED SILVER: order_items_clean -> 15105 rows","logger":"task.stdout"}
{"timestamp":"2026-06-19T14:46:30.671744Z","level":"info","event":"LOADED SILVER: customers_clean -> 2000 rows","logger":"task.stdout"}
{"timestamp":"2026-06-19T14:46:30.979908Z","level":"info","event":"LOADED SILVER: leads_clean -> 3000 rows","logger":"task.stdout"}
{"timestamp":"2026-06-19T14:46:31.077234Z","level":"info","event":"SILVER TRANSFORMATION COMPLETED SUCCESSFULLY","logger":"task.stdout"}
{"timestamp":"2026-06-19T14:46:31.078180Z","level":"info","event":"Done. Returned value was: None","ti_id":"019ee058-c807-7299-be8b-137e5a14e0a2","map_index":-1,"try_number":1,"run_id":"manual__2026-06-19T14:46:15.276583+00:00","task_id":"silver_transform","dag_id":"dwh_etl_pipeline","logger":"airflow.task.operators.airflow.providers.standard.operators.python.PythonOperator","filename":"python.py","lineno":233}
{"timestamp":"2026-06-19T14:46:31.078472Z","level":"info","event":"::group::Post Execute","ti_id":"019ee058-c807-7299-be8b-137e5a14e0a2","map_index":-1,"try_number":1,"run_id":"manual__2026-06-19T14:46:15.276583+00:00","task_id":"silver_transform","dag_id":"dwh_etl_pipeline","logger":"task","filename":"task_runner.py","lineno":1288}
{"timestamp":"2026-06-19T14:46:31.097456Z","level":"info","event":"Task instance in success state","logger":"task.stdout"}
{"timestamp":"2026-06-19T14:46:31.097937Z","level":"info","event":" Previous state of the Task instance: TaskInstanceState.RUNNING","logger":"task.stdout"}
{"timestamp":"2026-06-19T14:46:31.102902Z","level":"info","event":"Task operator:<Task(PythonOperator): silver_transform>","logger":"task.stdout"}
{"timestamp":"2026-06-19T14:46:31.097794Z","level":"info","event":"::endgroup::","ti_id":"019ee058-c807-7299-be8b-137e5a14e0a2","map_index":-1,"try_number":1,"run_id":"manual__2026-06-19T14:46:15.276583+00:00","task_id":"silver_transform","dag_id":"dwh_etl_pipeline","logger":"task","filename":"task_runner.py","lineno":1896}
