{"timestamp":"2026-06-19T15:16:33.699584Z","level":"info","event":"::group::Pre Execute","logger":"task","filename":"task_runner.py","lineno":1926}
{"timestamp":"2026-06-19T15:16:34.290544Z","level":"info","event":"DAG bundles loaded: dags-folder, example_dags","ti_id":"019ee074-5b5e-7aef-a7ec-9e88068564dd","task_id":"silver_transform","run_id":"manual__2026-06-19T15:15:41.059661+00:00","try_number":1,"dag_id":"dwh_etl_pipeline","map_index":-1,"logger":"airflow.dag_processing.bundles.manager.DagBundlesManager","filename":"manager.py","lineno":209}
{"timestamp":"2026-06-19T15:16:34.293462Z","level":"info","event":"Filling up the DagBag from /opt/airflow/dags/etl_bronze.py","ti_id":"019ee074-5b5e-7aef-a7ec-9e88068564dd","task_id":"silver_transform","run_id":"manual__2026-06-19T15:15:41.059661+00:00","try_number":1,"dag_id":"dwh_etl_pipeline","map_index":-1,"logger":"airflow.dag_processing.dagbag.BundleDagBag","filename":"dagbag.py","lineno":469}
{"timestamp":"2026-06-19T15:16:34.359670Z","level":"warning","event":"The `airflow.operators.python.PythonOperator` attribute is deprecated. Please use `'airflow.providers.standard.operators.python.PythonOperator'`.","category":"UserWarning","filename":"/opt/airflow/dags/etl_bronze.py","lineno":2,"ti_id":"019ee074-5b5e-7aef-a7ec-9e88068564dd","task_id":"silver_transform","run_id":"manual__2026-06-19T15:15:41.059661+00:00","try_number":1,"dag_id":"dwh_etl_pipeline","map_index":-1,"logger":"py.warnings"}
{"timestamp":"2026-06-19T15:16:34.406778Z","level":"info","event":"Task instance is in running state","logger":"task.stdout"}
{"timestamp":"2026-06-19T15:16:34.407800Z","level":"info","event":" Previous state of the Task instance: TaskInstanceState.QUEUED","logger":"task.stdout"}
{"timestamp":"2026-06-19T15:16:34.408204Z","level":"info","event":"Current task name:silver_transform","logger":"task.stdout"}
{"timestamp":"2026-06-19T15:16:34.408580Z","level":"info","event":"Dag name:dwh_etl_pipeline","logger":"task.stdout"}
{"timestamp":"2026-06-19T15:16:34.407347Z","level":"info","event":"::endgroup::","ti_id":"019ee074-5b5e-7aef-a7ec-9e88068564dd","task_id":"silver_transform","run_id":"manual__2026-06-19T15:15:41.059661+00:00","try_number":1,"dag_id":"dwh_etl_pipeline","map_index":-1,"logger":"task","filename":"task_runner.py","lineno":1727}
{"timestamp":"2026-06-19T15:16:35.129440Z","level":"warning","event":"pandas only supports SQLAlchemy connectable (engine/connection) or database string URI or sqlite3 DBAPI2 connection. Other DBAPI2 objects are not tested. Please consider using SQLAlchemy.","category":"UserWarning","filename":"/opt/airflow/ETL/Silver.py","lineno":12,"ti_id":"019ee074-5b5e-7aef-a7ec-9e88068564dd","task_id":"silver_transform","run_id":"manual__2026-06-19T15:15:41.059661+00:00","try_number":1,"dag_id":"dwh_etl_pipeline","map_index":-1,"logger":"py.warnings"}
{"timestamp":"2026-06-19T15:16:36.097404Z","level":"warning","event":"pandas only supports SQLAlchemy connectable (engine/connection) or database string URI or sqlite3 DBAPI2 connection. Other DBAPI2 objects are not tested. Please consider using SQLAlchemy.","category":"UserWarning","filename":"/opt/airflow/ETL/Silver.py","lineno":13,"ti_id":"019ee074-5b5e-7aef-a7ec-9e88068564dd","task_id":"silver_transform","run_id":"manual__2026-06-19T15:15:41.059661+00:00","try_number":1,"dag_id":"dwh_etl_pipeline","map_index":-1,"logger":"py.warnings"}
{"timestamp":"2026-06-19T15:16:36.200109Z","level":"warning","event":"pandas only supports SQLAlchemy connectable (engine/connection) or database string URI or sqlite3 DBAPI2 connection. Other DBAPI2 objects are not tested. Please consider using SQLAlchemy.","category":"UserWarning","filename":"/opt/airflow/ETL/Silver.py","lineno":14,"ti_id":"019ee074-5b5e-7aef-a7ec-9e88068564dd","task_id":"silver_transform","run_id":"manual__2026-06-19T15:15:41.059661+00:00","try_number":1,"dag_id":"dwh_etl_pipeline","map_index":-1,"logger":"py.warnings"}
{"timestamp":"2026-06-19T15:16:37.829660Z","level":"warning","event":"pandas only supports SQLAlchemy connectable (engine/connection) or database string URI or sqlite3 DBAPI2 connection. Other DBAPI2 objects are not tested. Please consider using SQLAlchemy.","category":"UserWarning","filename":"/opt/airflow/ETL/Silver.py","lineno":16,"ti_id":"019ee074-5b5e-7aef-a7ec-9e88068564dd","task_id":"silver_transform","run_id":"manual__2026-06-19T15:15:41.059661+00:00","try_number":1,"dag_id":"dwh_etl_pipeline","map_index":-1,"logger":"py.warnings"}
{"timestamp":"2026-06-19T15:16:38.473465Z","level":"warning","event":"pandas only supports SQLAlchemy connectable (engine/connection) or database string URI or sqlite3 DBAPI2 connection. Other DBAPI2 objects are not tested. Please consider using SQLAlchemy.","category":"UserWarning","filename":"/opt/airflow/ETL/Silver.py","lineno":17,"ti_id":"019ee074-5b5e-7aef-a7ec-9e88068564dd","task_id":"silver_transform","run_id":"manual__2026-06-19T15:15:41.059661+00:00","try_number":1,"dag_id":"dwh_etl_pipeline","map_index":-1,"logger":"py.warnings"}
{"timestamp":"2026-06-19T15:16:39.840281Z","level":"info","event":"LOADED SILVER: orders_clean -> 5000 rows","logger":"task.stdout"}
{"timestamp":"2026-06-19T15:16:40.129998Z","level":"info","event":"LOADED SILVER: products_clean -> 300 rows","logger":"task.stdout"}
{"timestamp":"2026-06-19T15:16:40.638396Z","level":"info","event":"LOADED SILVER: order_items_clean -> 15105 rows","logger":"task.stdout"}
{"timestamp":"2026-06-19T15:16:41.007531Z","level":"info","event":"LOADED SILVER: customers_clean -> 2000 rows","logger":"task.stdout"}
{"timestamp":"2026-06-19T15:16:41.392484Z","level":"info","event":"LOADED SILVER: leads_clean -> 3000 rows","logger":"task.stdout"}
{"timestamp":"2026-06-19T15:16:41.485561Z","level":"info","event":"SILVER TRANSFORMATION COMPLETED SUCCESSFULLY","logger":"task.stdout"}
{"timestamp":"2026-06-19T15:16:41.488000Z","level":"info","event":"Done. Returned value was: None","ti_id":"019ee074-5b5e-7aef-a7ec-9e88068564dd","task_id":"silver_transform","run_id":"manual__2026-06-19T15:15:41.059661+00:00","try_number":1,"dag_id":"dwh_etl_pipeline","map_index":-1,"logger":"airflow.task.operators.airflow.providers.standard.operators.python.PythonOperator","filename":"python.py","lineno":233}
{"timestamp":"2026-06-19T15:16:41.488260Z","level":"info","event":"::group::Post Execute","ti_id":"019ee074-5b5e-7aef-a7ec-9e88068564dd","task_id":"silver_transform","run_id":"manual__2026-06-19T15:15:41.059661+00:00","try_number":1,"dag_id":"dwh_etl_pipeline","map_index":-1,"logger":"task","filename":"task_runner.py","lineno":1288}
{"timestamp":"2026-06-19T15:16:41.532428Z","level":"info","event":"Task instance in success state","logger":"task.stdout"}
{"timestamp":"2026-06-19T15:16:41.533011Z","level":"info","event":" Previous state of the Task instance: TaskInstanceState.RUNNING","logger":"task.stdout"}
{"timestamp":"2026-06-19T15:16:41.533471Z","level":"info","event":"Task operator:<Task(PythonOperator): silver_transform>","logger":"task.stdout"}
{"timestamp":"2026-06-19T15:16:41.532866Z","level":"info","event":"::endgroup::","ti_id":"019ee074-5b5e-7aef-a7ec-9e88068564dd","task_id":"silver_transform","run_id":"manual__2026-06-19T15:15:41.059661+00:00","try_number":1,"dag_id":"dwh_etl_pipeline","map_index":-1,"logger":"task","filename":"task_runner.py","lineno":1896}
