{"timestamp":"2026-06-19T14:13:05.999451Z","level":"info","event":"::group::Pre Execute","logger":"task","filename":"task_runner.py","lineno":1926}
{"timestamp":"2026-06-19T14:13:11.769026Z","level":"info","event":"DAG bundles loaded: dags-folder, example_dags","dag_id":"dwh_etl_pipeline","map_index":-1,"ti_id":"019ee03a-6a27-76b4-aa85-41c5e0bf318a","task_id":"bronze_load","try_number":1,"run_id":"manual__2026-06-19T14:13:05.150262+00:00","logger":"airflow.dag_processing.bundles.manager.DagBundlesManager","filename":"manager.py","lineno":209}
{"timestamp":"2026-06-19T14:13:11.772150Z","level":"info","event":"Filling up the DagBag from /opt/airflow/dags/etl_bronze.py","dag_id":"dwh_etl_pipeline","map_index":-1,"ti_id":"019ee03a-6a27-76b4-aa85-41c5e0bf318a","task_id":"bronze_load","try_number":1,"run_id":"manual__2026-06-19T14:13:05.150262+00:00","logger":"airflow.dag_processing.dagbag.BundleDagBag","filename":"dagbag.py","lineno":469}
{"timestamp":"2026-06-19T14:13:11.825063Z","level":"warning","event":"The `airflow.operators.python.PythonOperator` attribute is deprecated. Please use `'airflow.providers.standard.operators.python.PythonOperator'`.","category":"UserWarning","filename":"/opt/airflow/dags/etl_bronze.py","lineno":2,"dag_id":"dwh_etl_pipeline","map_index":-1,"ti_id":"019ee03a-6a27-76b4-aa85-41c5e0bf318a","task_id":"bronze_load","try_number":1,"run_id":"manual__2026-06-19T14:13:05.150262+00:00","logger":"py.warnings"}
{"timestamp":"2026-06-19T14:13:11.874379Z","level":"info","event":"Task instance is in running state","logger":"task.stdout"}
{"timestamp":"2026-06-19T14:13:11.874836Z","level":"info","event":" Previous state of the Task instance: TaskInstanceState.QUEUED","logger":"task.stdout"}
{"timestamp":"2026-06-19T14:13:11.875310Z","level":"info","event":"Current task name:bronze_load","logger":"task.stdout"}
{"timestamp":"2026-06-19T14:13:11.875767Z","level":"info","event":"Dag name:dwh_etl_pipeline","logger":"task.stdout"}
{"timestamp":"2026-06-19T14:13:11.874920Z","level":"info","event":"::endgroup::","dag_id":"dwh_etl_pipeline","map_index":-1,"ti_id":"019ee03a-6a27-76b4-aa85-41c5e0bf318a","task_id":"bronze_load","try_number":1,"run_id":"manual__2026-06-19T14:13:05.150262+00:00","logger":"task","filename":"task_runner.py","lineno":1727}
{"timestamp":"2026-06-19T14:13:14.051219Z","level":"warning","event":"pandas only supports SQLAlchemy connectable (engine/connection) or database string URI or sqlite3 DBAPI2 connection. Other DBAPI2 objects are not tested. Please consider using SQLAlchemy.","category":"UserWarning","filename":"/opt/airflow/ETL/Bronze.py","lineno":39,"dag_id":"dwh_etl_pipeline","map_index":-1,"ti_id":"019ee03a-6a27-76b4-aa85-41c5e0bf318a","task_id":"bronze_load","try_number":1,"run_id":"manual__2026-06-19T14:13:05.150262+00:00","logger":"py.warnings"}
{"timestamp":"2026-06-19T14:13:14.924679Z","level":"warning","event":"pandas only supports SQLAlchemy connectable (engine/connection) or database string URI or sqlite3 DBAPI2 connection. Other DBAPI2 objects are not tested. Please consider using SQLAlchemy.","category":"UserWarning","filename":"/opt/airflow/ETL/Bronze.py","lineno":40,"dag_id":"dwh_etl_pipeline","map_index":-1,"ti_id":"019ee03a-6a27-76b4-aa85-41c5e0bf318a","task_id":"bronze_load","try_number":1,"run_id":"manual__2026-06-19T14:13:05.150262+00:00","logger":"py.warnings"}
{"timestamp":"2026-06-19T14:13:15.020218Z","level":"warning","event":"pandas only supports SQLAlchemy connectable (engine/connection) or database string URI or sqlite3 DBAPI2 connection. Other DBAPI2 objects are not tested. Please consider using SQLAlchemy.","category":"UserWarning","filename":"/opt/airflow/ETL/Bronze.py","lineno":41,"dag_id":"dwh_etl_pipeline","map_index":-1,"ti_id":"019ee03a-6a27-76b4-aa85-41c5e0bf318a","task_id":"bronze_load","try_number":1,"run_id":"manual__2026-06-19T14:13:05.150262+00:00","logger":"py.warnings"}
{"timestamp":"2026-06-19T14:13:16.399201Z","level":"warning","event":"pandas only supports SQLAlchemy connectable (engine/connection) or database string URI or sqlite3 DBAPI2 connection. Other DBAPI2 objects are not tested. Please consider using SQLAlchemy.","category":"UserWarning","filename":"/opt/airflow/ETL/Bronze.py","lineno":43,"dag_id":"dwh_etl_pipeline","map_index":-1,"ti_id":"019ee03a-6a27-76b4-aa85-41c5e0bf318a","task_id":"bronze_load","try_number":1,"run_id":"manual__2026-06-19T14:13:05.150262+00:00","logger":"py.warnings"}
{"timestamp":"2026-06-19T14:13:16.980592Z","level":"warning","event":"pandas only supports SQLAlchemy connectable (engine/connection) or database string URI or sqlite3 DBAPI2 connection. Other DBAPI2 objects are not tested. Please consider using SQLAlchemy.","category":"UserWarning","filename":"/opt/airflow/ETL/Bronze.py","lineno":44,"dag_id":"dwh_etl_pipeline","map_index":-1,"ti_id":"019ee03a-6a27-76b4-aa85-41c5e0bf318a","task_id":"bronze_load","try_number":1,"run_id":"manual__2026-06-19T14:13:05.150262+00:00","logger":"py.warnings"}
{"timestamp":"2026-06-19T14:13:18.103606Z","level":"info","event":"erp_orders: LOADED 5000 rows","logger":"task.stdout"}
{"timestamp":"2026-06-19T14:13:18.286423Z","level":"info","event":"erp_products: LOADED 300 rows","logger":"task.stdout"}
{"timestamp":"2026-06-19T14:13:18.616332Z","level":"info","event":"erp_order_items: LOADED 15105 rows","logger":"task.stdout"}
{"timestamp":"2026-06-19T14:13:18.829063Z","level":"info","event":"crm_customers: LOADED 2000 rows","logger":"task.stdout"}
{"timestamp":"2026-06-19T14:13:19.038138Z","level":"info","event":"crm_leads: LOADED 3000 rows","logger":"task.stdout"}
{"timestamp":"2026-06-19T14:13:19.137145Z","level":"info","event":"BRONZE LOAD COMPLETED (FAST COPY MODE)","logger":"task.stdout"}
{"timestamp":"2026-06-19T14:13:19.138133Z","level":"info","event":"Done. Returned value was: None","dag_id":"dwh_etl_pipeline","map_index":-1,"ti_id":"019ee03a-6a27-76b4-aa85-41c5e0bf318a","task_id":"bronze_load","try_number":1,"run_id":"manual__2026-06-19T14:13:05.150262+00:00","logger":"airflow.task.operators.airflow.providers.standard.operators.python.PythonOperator","filename":"python.py","lineno":233}
{"timestamp":"2026-06-19T14:13:19.138392Z","level":"info","event":"::group::Post Execute","dag_id":"dwh_etl_pipeline","map_index":-1,"ti_id":"019ee03a-6a27-76b4-aa85-41c5e0bf318a","task_id":"bronze_load","try_number":1,"run_id":"manual__2026-06-19T14:13:05.150262+00:00","logger":"task","filename":"task_runner.py","lineno":1288}
{"timestamp":"2026-06-19T14:13:19.168663Z","level":"info","event":"Task instance in success state","logger":"task.stdout"}
{"timestamp":"2026-06-19T14:13:19.169203Z","level":"info","event":" Previous state of the Task instance: TaskInstanceState.RUNNING","logger":"task.stdout"}
{"timestamp":"2026-06-19T14:13:19.169748Z","level":"info","event":"Task operator:<Task(PythonOperator): bronze_load>","logger":"task.stdout"}
{"timestamp":"2026-06-19T14:13:19.169095Z","level":"info","event":"::endgroup::","dag_id":"dwh_etl_pipeline","map_index":-1,"ti_id":"019ee03a-6a27-76b4-aa85-41c5e0bf318a","task_id":"bronze_load","try_number":1,"run_id":"manual__2026-06-19T14:13:05.150262+00:00","logger":"task","filename":"task_runner.py","lineno":1896}
