{"timestamp":"2026-06-19T11:55:48.155917Z","level":"info","event":"::group::Pre Execute","logger":"task","filename":"task_runner.py","lineno":1926}
{"timestamp":"2026-06-19T11:55:54.671158Z","level":"info","event":"DAG bundles loaded: dags-folder, example_dags","dag_id":"dwh_etl_pipeline","ti_id":"019edfbc-b475-7204-8af4-2579154302ee","map_index":-1,"try_number":1,"task_id":"bronze_load","run_id":"manual__2026-06-19T11:55:46.649482+00:00","logger":"airflow.dag_processing.bundles.manager.DagBundlesManager","filename":"manager.py","lineno":209}
{"timestamp":"2026-06-19T11:55:54.673176Z","level":"info","event":"Filling up the DagBag from /opt/airflow/dags/etl_bronze.py","dag_id":"dwh_etl_pipeline","ti_id":"019edfbc-b475-7204-8af4-2579154302ee","map_index":-1,"try_number":1,"task_id":"bronze_load","run_id":"manual__2026-06-19T11:55:46.649482+00:00","logger":"airflow.dag_processing.dagbag.BundleDagBag","filename":"dagbag.py","lineno":469}
{"timestamp":"2026-06-19T11:55:54.715105Z","level":"warning","event":"The `airflow.operators.python.PythonOperator` attribute is deprecated. Please use `'airflow.providers.standard.operators.python.PythonOperator'`.","category":"UserWarning","filename":"/opt/airflow/dags/etl_bronze.py","lineno":2,"dag_id":"dwh_etl_pipeline","ti_id":"019edfbc-b475-7204-8af4-2579154302ee","map_index":-1,"try_number":1,"task_id":"bronze_load","run_id":"manual__2026-06-19T11:55:46.649482+00:00","logger":"py.warnings"}
{"timestamp":"2026-06-19T11:55:54.757988Z","level":"info","event":"Task instance is in running state","logger":"task.stdout"}
{"timestamp":"2026-06-19T11:55:54.758471Z","level":"info","event":" Previous state of the Task instance: TaskInstanceState.QUEUED","logger":"task.stdout"}
{"timestamp":"2026-06-19T11:55:54.758883Z","level":"info","event":"Current task name:bronze_load","logger":"task.stdout"}
{"timestamp":"2026-06-19T11:55:54.759185Z","level":"info","event":"Dag name:dwh_etl_pipeline","logger":"task.stdout"}
{"timestamp":"2026-06-19T11:55:54.758464Z","level":"info","event":"::endgroup::","dag_id":"dwh_etl_pipeline","ti_id":"019edfbc-b475-7204-8af4-2579154302ee","map_index":-1,"try_number":1,"task_id":"bronze_load","run_id":"manual__2026-06-19T11:55:46.649482+00:00","logger":"task","filename":"task_runner.py","lineno":1727}
{"timestamp":"2026-06-19T11:55:56.945383Z","level":"warning","event":"pandas only supports SQLAlchemy connectable (engine/connection) or database string URI or sqlite3 DBAPI2 connection. Other DBAPI2 objects are not tested. Please consider using SQLAlchemy.","category":"UserWarning","filename":"/opt/airflow/ETL/Bronze.py","lineno":39,"dag_id":"dwh_etl_pipeline","ti_id":"019edfbc-b475-7204-8af4-2579154302ee","map_index":-1,"try_number":1,"task_id":"bronze_load","run_id":"manual__2026-06-19T11:55:46.649482+00:00","logger":"py.warnings"}
{"timestamp":"2026-06-19T11:55:57.793820Z","level":"warning","event":"pandas only supports SQLAlchemy connectable (engine/connection) or database string URI or sqlite3 DBAPI2 connection. Other DBAPI2 objects are not tested. Please consider using SQLAlchemy.","category":"UserWarning","filename":"/opt/airflow/ETL/Bronze.py","lineno":40,"dag_id":"dwh_etl_pipeline","ti_id":"019edfbc-b475-7204-8af4-2579154302ee","map_index":-1,"try_number":1,"task_id":"bronze_load","run_id":"manual__2026-06-19T11:55:46.649482+00:00","logger":"py.warnings"}
{"timestamp":"2026-06-19T11:55:57.891606Z","level":"warning","event":"pandas only supports SQLAlchemy connectable (engine/connection) or database string URI or sqlite3 DBAPI2 connection. Other DBAPI2 objects are not tested. Please consider using SQLAlchemy.","category":"UserWarning","filename":"/opt/airflow/ETL/Bronze.py","lineno":41,"dag_id":"dwh_etl_pipeline","ti_id":"019edfbc-b475-7204-8af4-2579154302ee","map_index":-1,"try_number":1,"task_id":"bronze_load","run_id":"manual__2026-06-19T11:55:46.649482+00:00","logger":"py.warnings"}
{"timestamp":"2026-06-19T11:55:59.468617Z","level":"warning","event":"pandas only supports SQLAlchemy connectable (engine/connection) or database string URI or sqlite3 DBAPI2 connection. Other DBAPI2 objects are not tested. Please consider using SQLAlchemy.","category":"UserWarning","filename":"/opt/airflow/ETL/Bronze.py","lineno":43,"dag_id":"dwh_etl_pipeline","ti_id":"019edfbc-b475-7204-8af4-2579154302ee","map_index":-1,"try_number":1,"task_id":"bronze_load","run_id":"manual__2026-06-19T11:55:46.649482+00:00","logger":"py.warnings"}
{"timestamp":"2026-06-19T11:56:00.464084Z","level":"warning","event":"pandas only supports SQLAlchemy connectable (engine/connection) or database string URI or sqlite3 DBAPI2 connection. Other DBAPI2 objects are not tested. Please consider using SQLAlchemy.","category":"UserWarning","filename":"/opt/airflow/ETL/Bronze.py","lineno":44,"dag_id":"dwh_etl_pipeline","ti_id":"019edfbc-b475-7204-8af4-2579154302ee","map_index":-1,"try_number":1,"task_id":"bronze_load","run_id":"manual__2026-06-19T11:55:46.649482+00:00","logger":"py.warnings"}
{"timestamp":"2026-06-19T11:56:01.710856Z","level":"info","event":"erp_orders: LOADED 5000 rows","logger":"task.stdout"}
{"timestamp":"2026-06-19T11:56:01.894707Z","level":"info","event":"erp_products: LOADED 300 rows","logger":"task.stdout"}
{"timestamp":"2026-06-19T11:56:02.297507Z","level":"info","event":"erp_order_items: LOADED 15105 rows","logger":"task.stdout"}
{"timestamp":"2026-06-19T11:56:02.586434Z","level":"info","event":"crm_customers: LOADED 2000 rows","logger":"task.stdout"}
{"timestamp":"2026-06-19T11:56:02.976449Z","level":"info","event":"crm_leads: LOADED 3000 rows","logger":"task.stdout"}
{"timestamp":"2026-06-19T11:56:03.067945Z","level":"info","event":"BRONZE LOAD COMPLETED (FAST COPY MODE)","logger":"task.stdout"}
{"timestamp":"2026-06-19T11:56:03.069369Z","level":"info","event":"Done. Returned value was: None","dag_id":"dwh_etl_pipeline","ti_id":"019edfbc-b475-7204-8af4-2579154302ee","map_index":-1,"try_number":1,"task_id":"bronze_load","run_id":"manual__2026-06-19T11:55:46.649482+00:00","logger":"airflow.task.operators.airflow.providers.standard.operators.python.PythonOperator","filename":"python.py","lineno":233}
{"timestamp":"2026-06-19T11:56:03.069654Z","level":"info","event":"::group::Post Execute","dag_id":"dwh_etl_pipeline","ti_id":"019edfbc-b475-7204-8af4-2579154302ee","map_index":-1,"try_number":1,"task_id":"bronze_load","run_id":"manual__2026-06-19T11:55:46.649482+00:00","logger":"task","filename":"task_runner.py","lineno":1288}
{"timestamp":"2026-06-19T11:56:03.109356Z","level":"info","event":"Task instance in success state","logger":"task.stdout"}
{"timestamp":"2026-06-19T11:56:03.110449Z","level":"info","event":" Previous state of the Task instance: TaskInstanceState.RUNNING","logger":"task.stdout"}
{"timestamp":"2026-06-19T11:56:03.110992Z","level":"info","event":"Task operator:<Task(PythonOperator): bronze_load>","logger":"task.stdout"}
{"timestamp":"2026-06-19T11:56:03.109758Z","level":"info","event":"::endgroup::","dag_id":"dwh_etl_pipeline","ti_id":"019edfbc-b475-7204-8af4-2579154302ee","map_index":-1,"try_number":1,"task_id":"bronze_load","run_id":"manual__2026-06-19T11:55:46.649482+00:00","logger":"task","filename":"task_runner.py","lineno":1896}
