{"timestamp":"2026-06-19T15:06:45.043841Z","level":"info","event":"::group::Pre Execute","logger":"task","filename":"task_runner.py","lineno":1926}
{"timestamp":"2026-06-19T15:06:45.588711Z","level":"info","event":"DAG bundles loaded: dags-folder, example_dags","try_number":1,"run_id":"manual__2026-06-19T15:06:31.105985+00:00","ti_id":"019ee06b-55cc-7ba3-89b8-c68b66db5549","map_index":-1,"task_id":"silver_transform","dag_id":"dwh_etl_pipeline","logger":"airflow.dag_processing.bundles.manager.DagBundlesManager","filename":"manager.py","lineno":209}
{"timestamp":"2026-06-19T15:06:45.590722Z","level":"info","event":"Filling up the DagBag from /opt/airflow/dags/etl_bronze.py","try_number":1,"run_id":"manual__2026-06-19T15:06:31.105985+00:00","ti_id":"019ee06b-55cc-7ba3-89b8-c68b66db5549","map_index":-1,"task_id":"silver_transform","dag_id":"dwh_etl_pipeline","logger":"airflow.dag_processing.dagbag.BundleDagBag","filename":"dagbag.py","lineno":469}
{"timestamp":"2026-06-19T15:06:45.632752Z","level":"warning","event":"The `airflow.operators.python.PythonOperator` attribute is deprecated. Please use `'airflow.providers.standard.operators.python.PythonOperator'`.","category":"UserWarning","filename":"/opt/airflow/dags/etl_bronze.py","lineno":2,"try_number":1,"run_id":"manual__2026-06-19T15:06:31.105985+00:00","ti_id":"019ee06b-55cc-7ba3-89b8-c68b66db5549","map_index":-1,"task_id":"silver_transform","dag_id":"dwh_etl_pipeline","logger":"py.warnings"}
{"timestamp":"2026-06-19T15:06:45.658994Z","level":"info","event":"Task instance is in running state","logger":"task.stdout"}
{"timestamp":"2026-06-19T15:06:45.659637Z","level":"info","event":" Previous state of the Task instance: TaskInstanceState.QUEUED","logger":"task.stdout"}
{"timestamp":"2026-06-19T15:06:45.660033Z","level":"info","event":"Current task name:silver_transform","logger":"task.stdout"}
{"timestamp":"2026-06-19T15:06:45.660396Z","level":"info","event":"Dag name:dwh_etl_pipeline","logger":"task.stdout"}
{"timestamp":"2026-06-19T15:06:45.659555Z","level":"info","event":"::endgroup::","try_number":1,"run_id":"manual__2026-06-19T15:06:31.105985+00:00","ti_id":"019ee06b-55cc-7ba3-89b8-c68b66db5549","map_index":-1,"task_id":"silver_transform","dag_id":"dwh_etl_pipeline","logger":"task","filename":"task_runner.py","lineno":1727}
{"timestamp":"2026-06-19T15:06:46.413412Z","level":"warning","event":"pandas only supports SQLAlchemy connectable (engine/connection) or database string URI or sqlite3 DBAPI2 connection. Other DBAPI2 objects are not tested. Please consider using SQLAlchemy.","category":"UserWarning","filename":"/opt/airflow/ETL/Silver.py","lineno":12,"try_number":1,"run_id":"manual__2026-06-19T15:06:31.105985+00:00","ti_id":"019ee06b-55cc-7ba3-89b8-c68b66db5549","map_index":-1,"task_id":"silver_transform","dag_id":"dwh_etl_pipeline","logger":"py.warnings"}
{"timestamp":"2026-06-19T15:06:47.269263Z","level":"warning","event":"pandas only supports SQLAlchemy connectable (engine/connection) or database string URI or sqlite3 DBAPI2 connection. Other DBAPI2 objects are not tested. Please consider using SQLAlchemy.","category":"UserWarning","filename":"/opt/airflow/ETL/Silver.py","lineno":13,"try_number":1,"run_id":"manual__2026-06-19T15:06:31.105985+00:00","ti_id":"019ee06b-55cc-7ba3-89b8-c68b66db5549","map_index":-1,"task_id":"silver_transform","dag_id":"dwh_etl_pipeline","logger":"py.warnings"}
{"timestamp":"2026-06-19T15:06:47.365379Z","level":"warning","event":"pandas only supports SQLAlchemy connectable (engine/connection) or database string URI or sqlite3 DBAPI2 connection. Other DBAPI2 objects are not tested. Please consider using SQLAlchemy.","category":"UserWarning","filename":"/opt/airflow/ETL/Silver.py","lineno":14,"try_number":1,"run_id":"manual__2026-06-19T15:06:31.105985+00:00","ti_id":"019ee06b-55cc-7ba3-89b8-c68b66db5549","map_index":-1,"task_id":"silver_transform","dag_id":"dwh_etl_pipeline","logger":"py.warnings"}
{"timestamp":"2026-06-19T15:06:48.639553Z","level":"warning","event":"pandas only supports SQLAlchemy connectable (engine/connection) or database string URI or sqlite3 DBAPI2 connection. Other DBAPI2 objects are not tested. Please consider using SQLAlchemy.","category":"UserWarning","filename":"/opt/airflow/ETL/Silver.py","lineno":16,"try_number":1,"run_id":"manual__2026-06-19T15:06:31.105985+00:00","ti_id":"019ee06b-55cc-7ba3-89b8-c68b66db5549","map_index":-1,"task_id":"silver_transform","dag_id":"dwh_etl_pipeline","logger":"py.warnings"}
{"timestamp":"2026-06-19T15:06:49.103687Z","level":"warning","event":"pandas only supports SQLAlchemy connectable (engine/connection) or database string URI or sqlite3 DBAPI2 connection. Other DBAPI2 objects are not tested. Please consider using SQLAlchemy.","category":"UserWarning","filename":"/opt/airflow/ETL/Silver.py","lineno":17,"try_number":1,"run_id":"manual__2026-06-19T15:06:31.105985+00:00","ti_id":"019ee06b-55cc-7ba3-89b8-c68b66db5549","map_index":-1,"task_id":"silver_transform","dag_id":"dwh_etl_pipeline","logger":"py.warnings"}
{"timestamp":"2026-06-19T15:06:50.495017Z","level":"info","event":"LOADED SILVER: orders_clean -> 5000 rows","logger":"task.stdout"}
{"timestamp":"2026-06-19T15:06:50.777325Z","level":"info","event":"LOADED SILVER: products_clean -> 300 rows","logger":"task.stdout"}
{"timestamp":"2026-06-19T15:06:51.206002Z","level":"info","event":"LOADED SILVER: order_items_clean -> 15105 rows","logger":"task.stdout"}
{"timestamp":"2026-06-19T15:06:51.508267Z","level":"info","event":"LOADED SILVER: customers_clean -> 2000 rows","logger":"task.stdout"}
{"timestamp":"2026-06-19T15:06:51.812299Z","level":"info","event":"LOADED SILVER: leads_clean -> 3000 rows","logger":"task.stdout"}
{"timestamp":"2026-06-19T15:06:51.914749Z","level":"info","event":"SILVER TRANSFORMATION COMPLETED SUCCESSFULLY","logger":"task.stdout"}
{"timestamp":"2026-06-19T15:06:51.915283Z","level":"info","event":"Done. Returned value was: None","try_number":1,"run_id":"manual__2026-06-19T15:06:31.105985+00:00","ti_id":"019ee06b-55cc-7ba3-89b8-c68b66db5549","map_index":-1,"task_id":"silver_transform","dag_id":"dwh_etl_pipeline","logger":"airflow.task.operators.airflow.providers.standard.operators.python.PythonOperator","filename":"python.py","lineno":233}
{"timestamp":"2026-06-19T15:06:51.915432Z","level":"info","event":"::group::Post Execute","try_number":1,"run_id":"manual__2026-06-19T15:06:31.105985+00:00","ti_id":"019ee06b-55cc-7ba3-89b8-c68b66db5549","map_index":-1,"task_id":"silver_transform","dag_id":"dwh_etl_pipeline","logger":"task","filename":"task_runner.py","lineno":1288}
{"timestamp":"2026-06-19T15:06:51.933737Z","level":"info","event":"Task instance in success state","logger":"task.stdout"}
{"timestamp":"2026-06-19T15:06:51.934278Z","level":"info","event":" Previous state of the Task instance: TaskInstanceState.RUNNING","logger":"task.stdout"}
{"timestamp":"2026-06-19T15:06:51.940618Z","level":"info","event":"Task operator:<Task(PythonOperator): silver_transform>","logger":"task.stdout"}
{"timestamp":"2026-06-19T15:06:51.934114Z","level":"info","event":"::endgroup::","try_number":1,"run_id":"manual__2026-06-19T15:06:31.105985+00:00","ti_id":"019ee06b-55cc-7ba3-89b8-c68b66db5549","map_index":-1,"task_id":"silver_transform","dag_id":"dwh_etl_pipeline","logger":"task","filename":"task_runner.py","lineno":1896}
