{"timestamp":"2026-06-19T14:17:07.909406Z","level":"info","event":"::group::Pre Execute","logger":"task","filename":"task_runner.py","lineno":1926}
{"timestamp":"2026-06-19T14:17:12.051653Z","level":"info","event":"DAG bundles loaded: dags-folder, example_dags","map_index":-1,"dag_id":"dwh_etl_pipeline","task_id":"bronze_load","run_id":"manual__2026-06-19T14:17:07.021286+00:00","try_number":1,"ti_id":"019ee03e-1ae9-770c-9e0d-949e426b0718","logger":"airflow.dag_processing.bundles.manager.DagBundlesManager","filename":"manager.py","lineno":209}
{"timestamp":"2026-06-19T14:17:12.053708Z","level":"info","event":"Filling up the DagBag from /opt/airflow/dags/etl_bronze.py","map_index":-1,"dag_id":"dwh_etl_pipeline","task_id":"bronze_load","run_id":"manual__2026-06-19T14:17:07.021286+00:00","try_number":1,"ti_id":"019ee03e-1ae9-770c-9e0d-949e426b0718","logger":"airflow.dag_processing.dagbag.BundleDagBag","filename":"dagbag.py","lineno":469}
{"timestamp":"2026-06-19T14:17:12.090999Z","level":"warning","event":"The `airflow.operators.python.PythonOperator` attribute is deprecated. Please use `'airflow.providers.standard.operators.python.PythonOperator'`.","category":"UserWarning","filename":"/opt/airflow/dags/etl_bronze.py","lineno":2,"map_index":-1,"dag_id":"dwh_etl_pipeline","task_id":"bronze_load","run_id":"manual__2026-06-19T14:17:07.021286+00:00","try_number":1,"ti_id":"019ee03e-1ae9-770c-9e0d-949e426b0718","logger":"py.warnings"}
{"timestamp":"2026-06-19T14:17:12.138580Z","level":"info","event":"Task instance is in running state","logger":"task.stdout"}
{"timestamp":"2026-06-19T14:17:12.139184Z","level":"info","event":" Previous state of the Task instance: TaskInstanceState.QUEUED","logger":"task.stdout"}
{"timestamp":"2026-06-19T14:17:12.139724Z","level":"info","event":"Current task name:bronze_load","logger":"task.stdout"}
{"timestamp":"2026-06-19T14:17:12.140140Z","level":"info","event":"Dag name:dwh_etl_pipeline","logger":"task.stdout"}
{"timestamp":"2026-06-19T14:17:12.139033Z","level":"info","event":"::endgroup::","map_index":-1,"dag_id":"dwh_etl_pipeline","task_id":"bronze_load","run_id":"manual__2026-06-19T14:17:07.021286+00:00","try_number":1,"ti_id":"019ee03e-1ae9-770c-9e0d-949e426b0718","logger":"task","filename":"task_runner.py","lineno":1727}
{"timestamp":"2026-06-19T14:17:14.683493Z","level":"warning","event":"pandas only supports SQLAlchemy connectable (engine/connection) or database string URI or sqlite3 DBAPI2 connection. Other DBAPI2 objects are not tested. Please consider using SQLAlchemy.","category":"UserWarning","filename":"/opt/airflow/ETL/Bronze.py","lineno":39,"map_index":-1,"dag_id":"dwh_etl_pipeline","task_id":"bronze_load","run_id":"manual__2026-06-19T14:17:07.021286+00:00","try_number":1,"ti_id":"019ee03e-1ae9-770c-9e0d-949e426b0718","logger":"py.warnings"}
{"timestamp":"2026-06-19T14:17:15.432758Z","level":"warning","event":"pandas only supports SQLAlchemy connectable (engine/connection) or database string URI or sqlite3 DBAPI2 connection. Other DBAPI2 objects are not tested. Please consider using SQLAlchemy.","category":"UserWarning","filename":"/opt/airflow/ETL/Bronze.py","lineno":40,"map_index":-1,"dag_id":"dwh_etl_pipeline","task_id":"bronze_load","run_id":"manual__2026-06-19T14:17:07.021286+00:00","try_number":1,"ti_id":"019ee03e-1ae9-770c-9e0d-949e426b0718","logger":"py.warnings"}
{"timestamp":"2026-06-19T14:17:15.526881Z","level":"warning","event":"pandas only supports SQLAlchemy connectable (engine/connection) or database string URI or sqlite3 DBAPI2 connection. Other DBAPI2 objects are not tested. Please consider using SQLAlchemy.","category":"UserWarning","filename":"/opt/airflow/ETL/Bronze.py","lineno":41,"map_index":-1,"dag_id":"dwh_etl_pipeline","task_id":"bronze_load","run_id":"manual__2026-06-19T14:17:07.021286+00:00","try_number":1,"ti_id":"019ee03e-1ae9-770c-9e0d-949e426b0718","logger":"py.warnings"}
{"timestamp":"2026-06-19T14:17:16.948837Z","level":"warning","event":"pandas only supports SQLAlchemy connectable (engine/connection) or database string URI or sqlite3 DBAPI2 connection. Other DBAPI2 objects are not tested. Please consider using SQLAlchemy.","category":"UserWarning","filename":"/opt/airflow/ETL/Bronze.py","lineno":43,"map_index":-1,"dag_id":"dwh_etl_pipeline","task_id":"bronze_load","run_id":"manual__2026-06-19T14:17:07.021286+00:00","try_number":1,"ti_id":"019ee03e-1ae9-770c-9e0d-949e426b0718","logger":"py.warnings"}
{"timestamp":"2026-06-19T14:17:17.830451Z","level":"warning","event":"pandas only supports SQLAlchemy connectable (engine/connection) or database string URI or sqlite3 DBAPI2 connection. Other DBAPI2 objects are not tested. Please consider using SQLAlchemy.","category":"UserWarning","filename":"/opt/airflow/ETL/Bronze.py","lineno":44,"map_index":-1,"dag_id":"dwh_etl_pipeline","task_id":"bronze_load","run_id":"manual__2026-06-19T14:17:07.021286+00:00","try_number":1,"ti_id":"019ee03e-1ae9-770c-9e0d-949e426b0718","logger":"py.warnings"}
{"timestamp":"2026-06-19T14:17:19.158369Z","level":"info","event":"erp_orders: LOADED 5000 rows","logger":"task.stdout"}
{"timestamp":"2026-06-19T14:17:19.391873Z","level":"info","event":"erp_products: LOADED 300 rows","logger":"task.stdout"}
{"timestamp":"2026-06-19T14:17:19.889419Z","level":"info","event":"erp_order_items: LOADED 15105 rows","logger":"task.stdout"}
{"timestamp":"2026-06-19T14:17:20.196013Z","level":"info","event":"crm_customers: LOADED 2000 rows","logger":"task.stdout"}
{"timestamp":"2026-06-19T14:17:20.507825Z","level":"info","event":"crm_leads: LOADED 3000 rows","logger":"task.stdout"}
{"timestamp":"2026-06-19T14:17:20.626310Z","level":"info","event":"BRONZE LOAD COMPLETED (FAST COPY MODE)","logger":"task.stdout"}
{"timestamp":"2026-06-19T14:17:20.627856Z","level":"info","event":"Done. Returned value was: None","map_index":-1,"dag_id":"dwh_etl_pipeline","task_id":"bronze_load","run_id":"manual__2026-06-19T14:17:07.021286+00:00","try_number":1,"ti_id":"019ee03e-1ae9-770c-9e0d-949e426b0718","logger":"airflow.task.operators.airflow.providers.standard.operators.python.PythonOperator","filename":"python.py","lineno":233}
{"timestamp":"2026-06-19T14:17:20.628112Z","level":"info","event":"::group::Post Execute","map_index":-1,"dag_id":"dwh_etl_pipeline","task_id":"bronze_load","run_id":"manual__2026-06-19T14:17:07.021286+00:00","try_number":1,"ti_id":"019ee03e-1ae9-770c-9e0d-949e426b0718","logger":"task","filename":"task_runner.py","lineno":1288}
{"timestamp":"2026-06-19T14:17:20.672186Z","level":"info","event":"Task instance in success state","logger":"task.stdout"}
{"timestamp":"2026-06-19T14:17:20.672653Z","level":"info","event":" Previous state of the Task instance: TaskInstanceState.RUNNING","logger":"task.stdout"}
{"timestamp":"2026-06-19T14:17:20.677118Z","level":"info","event":"Task operator:<Task(PythonOperator): bronze_load>","logger":"task.stdout"}
{"timestamp":"2026-06-19T14:17:20.672608Z","level":"info","event":"::endgroup::","map_index":-1,"dag_id":"dwh_etl_pipeline","task_id":"bronze_load","run_id":"manual__2026-06-19T14:17:07.021286+00:00","try_number":1,"ti_id":"019ee03e-1ae9-770c-9e0d-949e426b0718","logger":"task","filename":"task_runner.py","lineno":1896}
